2024-07-07 17:49:45 error: uncaughtException: listen EADDRINUSE: address already in use :::3000
Error: listen EADDRINUSE: address already in use :::3000
    at Server.setupListenHandle [as _listen2] (node:net:1817:16)
    at listenInCluster (node:net:1865:12)
    at Server.listen (node:net:1953:7)
    at Function.listen (D:\Pocket Survey\pocketSurvey_backend\node_modules\express\lib\application.js:635:24)
    at App.listen (D:\Pocket Survey\pocketSurvey_backend\src\app.ts:39:14)
    at Object.<anonymous> (D:\Pocket Survey\pocketSurvey_backend\src\server.ts:14:5)
    at Module._compile (node:internal/modules/cjs/loader:1364:14)
    at Module.m._compile (D:\Pocket Survey\pocketSurvey_backend\node_modules\ts-node\src\index.ts:1371:23)
    at Module._extensions..js (node:internal/modules/cjs/loader:1422:10)
    at Object.require.extensions.<computed> [as .ts] (D:\Pocket Survey\pocketSurvey_backend\node_modules\ts-node\src\index.ts:1374:12)
2024-07-07 18:56:16 error: uncaughtException: listen EADDRINUSE: address already in use :::3000
Error: listen EADDRINUSE: address already in use :::3000
    at Server.setupListenHandle [as _listen2] (node:net:1817:16)
    at listenInCluster (node:net:1865:12)
    at Server.listen (node:net:1953:7)
    at Function.listen (D:\Pocket Survey\pocketSurvey_backend\node_modules\express\lib\application.js:635:24)
    at App.listen (D:\Pocket Survey\pocketSurvey_backend\src\app.ts:39:14)
    at Object.<anonymous> (D:\Pocket Survey\pocketSurvey_backend\src\server.ts:14:5)
    at Module._compile (node:internal/modules/cjs/loader:1364:14)
    at Module.m._compile (D:\Pocket Survey\pocketSurvey_backend\node_modules\ts-node\src\index.ts:1371:23)
    at Module._extensions..js (node:internal/modules/cjs/loader:1422:10)
    at Object.require.extensions.<computed> [as .ts] (D:\Pocket Survey\pocketSurvey_backend\node_modules\ts-node\src\index.ts:1374:12)
2024-07-07 18:57:20 error: uncaughtException: listen EADDRINUSE: address already in use :::3000
Error: listen EADDRINUSE: address already in use :::3000
    at Server.setupListenHandle [as _listen2] (node:net:1817:16)
    at listenInCluster (node:net:1865:12)
    at Server.listen (node:net:1953:7)
    at Function.listen (D:\Pocket Survey\pocketSurvey_backend\node_modules\express\lib\application.js:635:24)
    at App.listen (D:\Pocket Survey\pocketSurvey_backend\src\app.ts:39:14)
    at Object.<anonymous> (D:\Pocket Survey\pocketSurvey_backend\src\server.ts:14:5)
    at Module._compile (node:internal/modules/cjs/loader:1364:14)
    at Module.m._compile (D:\Pocket Survey\pocketSurvey_backend\node_modules\ts-node\src\index.ts:1371:23)
    at Module._extensions..js (node:internal/modules/cjs/loader:1422:10)
    at Object.require.extensions.<computed> [as .ts] (D:\Pocket Survey\pocketSurvey_backend\node_modules\ts-node\src\index.ts:1374:12)
2024-07-07 18:57:51 error: uncaughtException: listen EADDRINUSE: address already in use :::3000
Error: listen EADDRINUSE: address already in use :::3000
    at Server.setupListenHandle [as _listen2] (node:net:1817:16)
    at listenInCluster (node:net:1865:12)
    at Server.listen (node:net:1953:7)
    at Function.listen (D:\Pocket Survey\pocketSurvey_backend\node_modules\express\lib\application.js:635:24)
    at App.listen (D:\Pocket Survey\pocketSurvey_backend\src\app.ts:39:14)
    at Object.<anonymous> (D:\Pocket Survey\pocketSurvey_backend\src\server.ts:14:5)
    at Module._compile (node:internal/modules/cjs/loader:1364:14)
    at Module.m._compile (D:\Pocket Survey\pocketSurvey_backend\node_modules\ts-node\src\index.ts:1371:23)
    at Module._extensions..js (node:internal/modules/cjs/loader:1422:10)
    at Object.require.extensions.<computed> [as .ts] (D:\Pocket Survey\pocketSurvey_backend\node_modules\ts-node\src\index.ts:1374:12)
2024-07-07 18:58:07 error: uncaughtException: listen EADDRINUSE: address already in use :::3000
Error: listen EADDRINUSE: address already in use :::3000
    at Server.setupListenHandle [as _listen2] (node:net:1817:16)
    at listenInCluster (node:net:1865:12)
    at Server.listen (node:net:1953:7)
    at Function.listen (D:\Pocket Survey\pocketSurvey_backend\node_modules\express\lib\application.js:635:24)
    at App.listen (D:\Pocket Survey\pocketSurvey_backend\src\app.ts:39:14)
    at Object.<anonymous> (D:\Pocket Survey\pocketSurvey_backend\src\server.ts:14:5)
    at Module._compile (node:internal/modules/cjs/loader:1364:14)
    at Module.m._compile (D:\Pocket Survey\pocketSurvey_backend\node_modules\ts-node\src\index.ts:1371:23)
    at Module._extensions..js (node:internal/modules/cjs/loader:1422:10)
    at Object.require.extensions.<computed> [as .ts] (D:\Pocket Survey\pocketSurvey_backend\node_modules\ts-node\src\index.ts:1374:12)
2024-07-07 18:58:45 error: uncaughtException: listen EADDRINUSE: address already in use :::3000
Error: listen EADDRINUSE: address already in use :::3000
    at Server.setupListenHandle [as _listen2] (node:net:1817:16)
    at listenInCluster (node:net:1865:12)
    at Server.listen (node:net:1953:7)
    at Function.listen (D:\Pocket Survey\pocketSurvey_backend\node_modules\express\lib\application.js:635:24)
    at App.listen (D:\Pocket Survey\pocketSurvey_backend\src\app.ts:39:14)
    at Object.<anonymous> (D:\Pocket Survey\pocketSurvey_backend\src\server.ts:14:5)
    at Module._compile (node:internal/modules/cjs/loader:1364:14)
    at Module.m._compile (D:\Pocket Survey\pocketSurvey_backend\node_modules\ts-node\src\index.ts:1371:23)
    at Module._extensions..js (node:internal/modules/cjs/loader:1422:10)
    at Object.require.extensions.<computed> [as .ts] (D:\Pocket Survey\pocketSurvey_backend\node_modules\ts-node\src\index.ts:1374:12)
2024-07-07 18:59:00 error: uncaughtException: listen EADDRINUSE: address already in use :::3000
Error: listen EADDRINUSE: address already in use :::3000
    at Server.setupListenHandle [as _listen2] (node:net:1817:16)
    at listenInCluster (node:net:1865:12)
    at Server.listen (node:net:1953:7)
    at Function.listen (D:\Pocket Survey\pocketSurvey_backend\node_modules\express\lib\application.js:635:24)
    at App.listen (D:\Pocket Survey\pocketSurvey_backend\src\app.ts:39:14)
    at Object.<anonymous> (D:\Pocket Survey\pocketSurvey_backend\src\server.ts:14:5)
    at Module._compile (node:internal/modules/cjs/loader:1364:14)
    at Module.m._compile (D:\Pocket Survey\pocketSurvey_backend\node_modules\ts-node\src\index.ts:1371:23)
    at Module._extensions..js (node:internal/modules/cjs/loader:1422:10)
    at Object.require.extensions.<computed> [as .ts] (D:\Pocket Survey\pocketSurvey_backend\node_modules\ts-node\src\index.ts:1374:12)
2024-07-07 19:49:37 error: uncaughtException: listen EADDRINUSE: address already in use :::3000
Error: listen EADDRINUSE: address already in use :::3000
    at Server.setupListenHandle [as _listen2] (node:net:1817:16)
    at listenInCluster (node:net:1865:12)
    at Server.listen (node:net:1953:7)
    at Function.listen (D:\Pocket Survey\pocketSurvey_backend\node_modules\express\lib\application.js:635:24)
    at App.listen (D:\Pocket Survey\pocketSurvey_backend\src\app.ts:39:14)
    at Object.<anonymous> (D:\Pocket Survey\pocketSurvey_backend\src\server.ts:14:5)
    at Module._compile (node:internal/modules/cjs/loader:1364:14)
    at Module.m._compile (D:\Pocket Survey\pocketSurvey_backend\node_modules\ts-node\src\index.ts:1371:23)
    at Module._extensions..js (node:internal/modules/cjs/loader:1422:10)
    at Object.require.extensions.<computed> [as .ts] (D:\Pocket Survey\pocketSurvey_backend\node_modules\ts-node\src\index.ts:1374:12)
2024-07-07 19:50:21 error: uncaughtException: listen EADDRINUSE: address already in use :::3000
Error: listen EADDRINUSE: address already in use :::3000
    at Server.setupListenHandle [as _listen2] (node:net:1817:16)
    at listenInCluster (node:net:1865:12)
    at Server.listen (node:net:1953:7)
    at Function.listen (D:\Pocket Survey\pocketSurvey_backend\node_modules\express\lib\application.js:635:24)
    at App.listen (D:\Pocket Survey\pocketSurvey_backend\src\app.ts:39:14)
    at Object.<anonymous> (D:\Pocket Survey\pocketSurvey_backend\src\server.ts:14:5)
    at Module._compile (node:internal/modules/cjs/loader:1364:14)
    at Module.m._compile (D:\Pocket Survey\pocketSurvey_backend\node_modules\ts-node\src\index.ts:1371:23)
    at Module._extensions..js (node:internal/modules/cjs/loader:1422:10)
    at Object.require.extensions.<computed> [as .ts] (D:\Pocket Survey\pocketSurvey_backend\node_modules\ts-node\src\index.ts:1374:12)
2024-07-07 19:50:36 error: [POST] /login >> StatusCode:: 500, Message:: Incorrect Password.
2024-07-07 19:58:02 error: uncaughtException: listen EADDRINUSE: address already in use :::3000
Error: listen EADDRINUSE: address already in use :::3000
    at Server.setupListenHandle [as _listen2] (node:net:1817:16)
    at listenInCluster (node:net:1865:12)
    at Server.listen (node:net:1953:7)
    at Function.listen (D:\Pocket Survey\pocketSurvey_backend\node_modules\express\lib\application.js:635:24)
    at App.listen (D:\Pocket Survey\pocketSurvey_backend\src\app.ts:39:14)
    at Object.<anonymous> (D:\Pocket Survey\pocketSurvey_backend\src\server.ts:14:5)
    at Module._compile (node:internal/modules/cjs/loader:1364:14)
    at Module.m._compile (D:\Pocket Survey\pocketSurvey_backend\node_modules\ts-node\src\index.ts:1371:23)
    at Module._extensions..js (node:internal/modules/cjs/loader:1422:10)
    at Object.require.extensions.<computed> [as .ts] (D:\Pocket Survey\pocketSurvey_backend\node_modules\ts-node\src\index.ts:1374:12)
2024-07-07 19:59:06 error: uncaughtException: listen EADDRINUSE: address already in use :::3000
Error: listen EADDRINUSE: address already in use :::3000
    at Server.setupListenHandle [as _listen2] (node:net:1817:16)
    at listenInCluster (node:net:1865:12)
    at Server.listen (node:net:1953:7)
    at Function.listen (D:\Pocket Survey\pocketSurvey_backend\node_modules\express\lib\application.js:635:24)
    at App.listen (D:\Pocket Survey\pocketSurvey_backend\src\app.ts:39:14)
    at Object.<anonymous> (D:\Pocket Survey\pocketSurvey_backend\src\server.ts:14:5)
    at Module._compile (node:internal/modules/cjs/loader:1364:14)
    at Module.m._compile (D:\Pocket Survey\pocketSurvey_backend\node_modules\ts-node\src\index.ts:1371:23)
    at Module._extensions..js (node:internal/modules/cjs/loader:1422:10)
    at Object.require.extensions.<computed> [as .ts] (D:\Pocket Survey\pocketSurvey_backend\node_modules\ts-node\src\index.ts:1374:12)
2024-07-07 19:59:18 error: uncaughtException: listen EADDRINUSE: address already in use :::3000
Error: listen EADDRINUSE: address already in use :::3000
    at Server.setupListenHandle [as _listen2] (node:net:1817:16)
    at listenInCluster (node:net:1865:12)
    at Server.listen (node:net:1953:7)
    at Function.listen (D:\Pocket Survey\pocketSurvey_backend\node_modules\express\lib\application.js:635:24)
    at App.listen (D:\Pocket Survey\pocketSurvey_backend\src\app.ts:39:14)
    at Object.<anonymous> (D:\Pocket Survey\pocketSurvey_backend\src\server.ts:14:5)
    at Module._compile (node:internal/modules/cjs/loader:1364:14)
    at Module.m._compile (D:\Pocket Survey\pocketSurvey_backend\node_modules\ts-node\src\index.ts:1371:23)
    at Module._extensions..js (node:internal/modules/cjs/loader:1422:10)
    at Object.require.extensions.<computed> [as .ts] (D:\Pocket Survey\pocketSurvey_backend\node_modules\ts-node\src\index.ts:1374:12)
2024-07-07 20:02:02 error: uncaughtException: listen EADDRINUSE: address already in use :::3000
Error: listen EADDRINUSE: address already in use :::3000
    at Server.setupListenHandle [as _listen2] (node:net:1817:16)
    at listenInCluster (node:net:1865:12)
    at Server.listen (node:net:1953:7)
    at Function.listen (D:\Pocket Survey\pocketSurvey_backend\node_modules\express\lib\application.js:635:24)
    at App.listen (D:\Pocket Survey\pocketSurvey_backend\src\app.ts:39:14)
    at Object.<anonymous> (D:\Pocket Survey\pocketSurvey_backend\src\server.ts:14:5)
    at Module._compile (node:internal/modules/cjs/loader:1364:14)
    at Module.m._compile (D:\Pocket Survey\pocketSurvey_backend\node_modules\ts-node\src\index.ts:1371:23)
    at Module._extensions..js (node:internal/modules/cjs/loader:1422:10)
    at Object.require.extensions.<computed> [as .ts] (D:\Pocket Survey\pocketSurvey_backend\node_modules\ts-node\src\index.ts:1374:12)
2024-07-07 20:02:45 error: uncaughtException: listen EADDRINUSE: address already in use :::3000
Error: listen EADDRINUSE: address already in use :::3000
    at Server.setupListenHandle [as _listen2] (node:net:1817:16)
    at listenInCluster (node:net:1865:12)
    at Server.listen (node:net:1953:7)
    at Function.listen (D:\Pocket Survey\pocketSurvey_backend\node_modules\express\lib\application.js:635:24)
    at App.listen (D:\Pocket Survey\pocketSurvey_backend\src\app.ts:39:14)
    at Object.<anonymous> (D:\Pocket Survey\pocketSurvey_backend\src\server.ts:14:5)
    at Module._compile (node:internal/modules/cjs/loader:1364:14)
    at Module.m._compile (D:\Pocket Survey\pocketSurvey_backend\node_modules\ts-node\src\index.ts:1371:23)
    at Module._extensions..js (node:internal/modules/cjs/loader:1422:10)
    at Object.require.extensions.<computed> [as .ts] (D:\Pocket Survey\pocketSurvey_backend\node_modules\ts-node\src\index.ts:1374:12)
2024-07-07 20:03:25 error: uncaughtException: listen EADDRINUSE: address already in use :::3000
Error: listen EADDRINUSE: address already in use :::3000
    at Server.setupListenHandle [as _listen2] (node:net:1817:16)
    at listenInCluster (node:net:1865:12)
    at Server.listen (node:net:1953:7)
    at Function.listen (D:\Pocket Survey\pocketSurvey_backend\node_modules\express\lib\application.js:635:24)
    at App.listen (D:\Pocket Survey\pocketSurvey_backend\src\app.ts:39:14)
    at Object.<anonymous> (D:\Pocket Survey\pocketSurvey_backend\src\server.ts:14:5)
    at Module._compile (node:internal/modules/cjs/loader:1364:14)
    at Module.m._compile (D:\Pocket Survey\pocketSurvey_backend\node_modules\ts-node\src\index.ts:1371:23)
    at Module._extensions..js (node:internal/modules/cjs/loader:1422:10)
    at Object.require.extensions.<computed> [as .ts] (D:\Pocket Survey\pocketSurvey_backend\node_modules\ts-node\src\index.ts:1374:12)
2024-07-07 20:04:54 error: uncaughtException: listen EADDRINUSE: address already in use :::3000
Error: listen EADDRINUSE: address already in use :::3000
    at Server.setupListenHandle [as _listen2] (node:net:1817:16)
    at listenInCluster (node:net:1865:12)
    at Server.listen (node:net:1953:7)
    at Function.listen (D:\Pocket Survey\pocketSurvey_backend\node_modules\express\lib\application.js:635:24)
    at App.listen (D:\Pocket Survey\pocketSurvey_backend\src\app.ts:39:14)
    at Object.<anonymous> (D:\Pocket Survey\pocketSurvey_backend\src\server.ts:14:5)
    at Module._compile (node:internal/modules/cjs/loader:1364:14)
    at Module.m._compile (D:\Pocket Survey\pocketSurvey_backend\node_modules\ts-node\src\index.ts:1371:23)
    at Module._extensions..js (node:internal/modules/cjs/loader:1422:10)
    at Object.require.extensions.<computed> [as .ts] (D:\Pocket Survey\pocketSurvey_backend\node_modules\ts-node\src\index.ts:1374:12)
2024-07-07 20:05:04 error: uncaughtException: listen EADDRINUSE: address already in use :::3000
Error: listen EADDRINUSE: address already in use :::3000
    at Server.setupListenHandle [as _listen2] (node:net:1817:16)
    at listenInCluster (node:net:1865:12)
    at Server.listen (node:net:1953:7)
    at Function.listen (D:\Pocket Survey\pocketSurvey_backend\node_modules\express\lib\application.js:635:24)
    at App.listen (D:\Pocket Survey\pocketSurvey_backend\src\app.ts:39:14)
    at Object.<anonymous> (D:\Pocket Survey\pocketSurvey_backend\src\server.ts:14:5)
    at Module._compile (node:internal/modules/cjs/loader:1364:14)
    at Module.m._compile (D:\Pocket Survey\pocketSurvey_backend\node_modules\ts-node\src\index.ts:1371:23)
    at Module._extensions..js (node:internal/modules/cjs/loader:1422:10)
    at Object.require.extensions.<computed> [as .ts] (D:\Pocket Survey\pocketSurvey_backend\node_modules\ts-node\src\index.ts:1374:12)
2024-07-07 20:05:57 error: uncaughtException: listen EADDRINUSE: address already in use :::3000
Error: listen EADDRINUSE: address already in use :::3000
    at Server.setupListenHandle [as _listen2] (node:net:1817:16)
    at listenInCluster (node:net:1865:12)
    at Server.listen (node:net:1953:7)
    at Function.listen (D:\Pocket Survey\pocketSurvey_backend\node_modules\express\lib\application.js:635:24)
    at App.listen (D:\Pocket Survey\pocketSurvey_backend\src\app.ts:39:14)
    at Object.<anonymous> (D:\Pocket Survey\pocketSurvey_backend\src\server.ts:14:5)
    at Module._compile (node:internal/modules/cjs/loader:1364:14)
    at Module.m._compile (D:\Pocket Survey\pocketSurvey_backend\node_modules\ts-node\src\index.ts:1371:23)
    at Module._extensions..js (node:internal/modules/cjs/loader:1422:10)
    at Object.require.extensions.<computed> [as .ts] (D:\Pocket Survey\pocketSurvey_backend\node_modules\ts-node\src\index.ts:1374:12)
2024-07-07 20:06:14 error: uncaughtException: listen EADDRINUSE: address already in use :::3000
Error: listen EADDRINUSE: address already in use :::3000
    at Server.setupListenHandle [as _listen2] (node:net:1817:16)
    at listenInCluster (node:net:1865:12)
    at Server.listen (node:net:1953:7)
    at Function.listen (D:\Pocket Survey\pocketSurvey_backend\node_modules\express\lib\application.js:635:24)
    at App.listen (D:\Pocket Survey\pocketSurvey_backend\src\app.ts:39:14)
    at Object.<anonymous> (D:\Pocket Survey\pocketSurvey_backend\src\server.ts:14:5)
    at Module._compile (node:internal/modules/cjs/loader:1364:14)
    at Module.m._compile (D:\Pocket Survey\pocketSurvey_backend\node_modules\ts-node\src\index.ts:1371:23)
    at Module._extensions..js (node:internal/modules/cjs/loader:1422:10)
    at Object.require.extensions.<computed> [as .ts] (D:\Pocket Survey\pocketSurvey_backend\node_modules\ts-node\src\index.ts:1374:12)
2024-07-07 20:07:44 error: uncaughtException: listen EADDRINUSE: address already in use :::3000
Error: listen EADDRINUSE: address already in use :::3000
    at Server.setupListenHandle [as _listen2] (node:net:1817:16)
    at listenInCluster (node:net:1865:12)
    at Server.listen (node:net:1953:7)
    at Function.listen (D:\Pocket Survey\pocketSurvey_backend\node_modules\express\lib\application.js:635:24)
    at App.listen (D:\Pocket Survey\pocketSurvey_backend\src\app.ts:39:14)
    at Object.<anonymous> (D:\Pocket Survey\pocketSurvey_backend\src\server.ts:14:5)
    at Module._compile (node:internal/modules/cjs/loader:1364:14)
    at Module.m._compile (D:\Pocket Survey\pocketSurvey_backend\node_modules\ts-node\src\index.ts:1371:23)
    at Module._extensions..js (node:internal/modules/cjs/loader:1422:10)
    at Object.require.extensions.<computed> [as .ts] (D:\Pocket Survey\pocketSurvey_backend\node_modules\ts-node\src\index.ts:1374:12)
2024-07-07 20:08:37 error: uncaughtException: listen EADDRINUSE: address already in use :::3000
Error: listen EADDRINUSE: address already in use :::3000
    at Server.setupListenHandle [as _listen2] (node:net:1817:16)
    at listenInCluster (node:net:1865:12)
    at Server.listen (node:net:1953:7)
    at Function.listen (D:\Pocket Survey\pocketSurvey_backend\node_modules\express\lib\application.js:635:24)
    at App.listen (D:\Pocket Survey\pocketSurvey_backend\src\app.ts:39:14)
    at Object.<anonymous> (D:\Pocket Survey\pocketSurvey_backend\src\server.ts:14:5)
    at Module._compile (node:internal/modules/cjs/loader:1364:14)
    at Module.m._compile (D:\Pocket Survey\pocketSurvey_backend\node_modules\ts-node\src\index.ts:1371:23)
    at Module._extensions..js (node:internal/modules/cjs/loader:1422:10)
    at Object.require.extensions.<computed> [as .ts] (D:\Pocket Survey\pocketSurvey_backend\node_modules\ts-node\src\index.ts:1374:12)
2024-07-07 20:09:16 error: uncaughtException: listen EADDRINUSE: address already in use :::3000
Error: listen EADDRINUSE: address already in use :::3000
    at Server.setupListenHandle [as _listen2] (node:net:1817:16)
    at listenInCluster (node:net:1865:12)
    at Server.listen (node:net:1953:7)
    at Function.listen (D:\Pocket Survey\pocketSurvey_backend\node_modules\express\lib\application.js:635:24)
    at App.listen (D:\Pocket Survey\pocketSurvey_backend\src\app.ts:39:14)
    at Object.<anonymous> (D:\Pocket Survey\pocketSurvey_backend\src\server.ts:14:5)
    at Module._compile (node:internal/modules/cjs/loader:1364:14)
    at Module.m._compile (D:\Pocket Survey\pocketSurvey_backend\node_modules\ts-node\src\index.ts:1371:23)
    at Module._extensions..js (node:internal/modules/cjs/loader:1422:10)
    at Object.require.extensions.<computed> [as .ts] (D:\Pocket Survey\pocketSurvey_backend\node_modules\ts-node\src\index.ts:1374:12)
2024-07-07 20:11:39 error: uncaughtException: listen EADDRINUSE: address already in use :::3000
Error: listen EADDRINUSE: address already in use :::3000
    at Server.setupListenHandle [as _listen2] (node:net:1817:16)
    at listenInCluster (node:net:1865:12)
    at Server.listen (node:net:1953:7)
    at Function.listen (D:\Pocket Survey\pocketSurvey_backend\node_modules\express\lib\application.js:635:24)
    at App.listen (D:\Pocket Survey\pocketSurvey_backend\src\app.ts:39:14)
    at Object.<anonymous> (D:\Pocket Survey\pocketSurvey_backend\src\server.ts:14:5)
    at Module._compile (node:internal/modules/cjs/loader:1364:14)
    at Module.m._compile (D:\Pocket Survey\pocketSurvey_backend\node_modules\ts-node\src\index.ts:1371:23)
    at Module._extensions..js (node:internal/modules/cjs/loader:1422:10)
    at Object.require.extensions.<computed> [as .ts] (D:\Pocket Survey\pocketSurvey_backend\node_modules\ts-node\src\index.ts:1374:12)
2024-07-07 20:11:39 error: uncaughtException: Invalid status code: undefined
RangeError [ERR_HTTP_INVALID_STATUS_CODE]: Invalid status code: undefined
    at new NodeError (node:internal/errors:405:5)
    at ServerResponse.writeHead (node:_http_server:347:11)
    at ServerResponse.writeHead (D:\Pocket Survey\pocketSurvey_backend\node_modules\on-headers\index.js:44:26)
    at ServerResponse.writeHead (D:\Pocket Survey\pocketSurvey_backend\node_modules\on-headers\index.js:44:26)
    at ServerResponse._implicitHeader (node:_http_server:338:8)
    at ServerResponse.end (D:\Pocket Survey\pocketSurvey_backend\node_modules\compression\index.js:103:14)
    at ServerResponse.send (D:\Pocket Survey\pocketSurvey_backend\node_modules\express\lib\response.js:233:10)
    at ServerResponse.json (D:\Pocket Survey\pocketSurvey_backend\node_modules\express\lib\response.js:279:15)
    at AuthController.<anonymous> (D:\Pocket Survey\pocketSurvey_backend\src\controllers\auth.controller.ts:57:30)
    at step (D:\Pocket Survey\pocketSurvey_backend\src\controllers\auth.controller.ts:33:23)
2024-07-07 20:11:53 error: uncaughtException: listen EADDRINUSE: address already in use :::3000
Error: listen EADDRINUSE: address already in use :::3000
    at Server.setupListenHandle [as _listen2] (node:net:1817:16)
    at listenInCluster (node:net:1865:12)
    at Server.listen (node:net:1953:7)
    at Function.listen (D:\Pocket Survey\pocketSurvey_backend\node_modules\express\lib\application.js:635:24)
    at App.listen (D:\Pocket Survey\pocketSurvey_backend\src\app.ts:39:14)
    at Object.<anonymous> (D:\Pocket Survey\pocketSurvey_backend\src\server.ts:14:5)
    at Module._compile (node:internal/modules/cjs/loader:1364:14)
    at Module.m._compile (D:\Pocket Survey\pocketSurvey_backend\node_modules\ts-node\src\index.ts:1371:23)
    at Module._extensions..js (node:internal/modules/cjs/loader:1422:10)
    at Object.require.extensions.<computed> [as .ts] (D:\Pocket Survey\pocketSurvey_backend\node_modules\ts-node\src\index.ts:1374:12)
2024-07-07 20:15:51 error: uncaughtException: listen EADDRINUSE: address already in use :::3000
Error: listen EADDRINUSE: address already in use :::3000
    at Server.setupListenHandle [as _listen2] (node:net:1817:16)
    at listenInCluster (node:net:1865:12)
    at Server.listen (node:net:1953:7)
    at Function.listen (D:\Pocket Survey\pocketSurvey_backend\node_modules\express\lib\application.js:635:24)
    at App.listen (D:\Pocket Survey\pocketSurvey_backend\src\app.ts:39:14)
    at Object.<anonymous> (D:\Pocket Survey\pocketSurvey_backend\src\server.ts:14:5)
    at Module._compile (node:internal/modules/cjs/loader:1364:14)
    at Module.m._compile (D:\Pocket Survey\pocketSurvey_backend\node_modules\ts-node\src\index.ts:1371:23)
    at Module._extensions..js (node:internal/modules/cjs/loader:1422:10)
    at Object.require.extensions.<computed> [as .ts] (D:\Pocket Survey\pocketSurvey_backend\node_modules\ts-node\src\index.ts:1374:12)
2024-07-07 20:17:00 error: uncaughtException: listen EADDRINUSE: address already in use :::3000
Error: listen EADDRINUSE: address already in use :::3000
    at Server.setupListenHandle [as _listen2] (node:net:1817:16)
    at listenInCluster (node:net:1865:12)
    at Server.listen (node:net:1953:7)
    at Function.listen (D:\Pocket Survey\pocketSurvey_backend\node_modules\express\lib\application.js:635:24)
    at App.listen (D:\Pocket Survey\pocketSurvey_backend\src\app.ts:39:14)
    at Object.<anonymous> (D:\Pocket Survey\pocketSurvey_backend\src\server.ts:14:5)
    at Module._compile (node:internal/modules/cjs/loader:1364:14)
    at Module.m._compile (D:\Pocket Survey\pocketSurvey_backend\node_modules\ts-node\src\index.ts:1371:23)
    at Module._extensions..js (node:internal/modules/cjs/loader:1422:10)
    at Object.require.extensions.<computed> [as .ts] (D:\Pocket Survey\pocketSurvey_backend\node_modules\ts-node\src\index.ts:1374:12)
2024-07-07 20:17:14 error: uncaughtException: listen EADDRINUSE: address already in use :::3000
Error: listen EADDRINUSE: address already in use :::3000
    at Server.setupListenHandle [as _listen2] (node:net:1817:16)
    at listenInCluster (node:net:1865:12)
    at Server.listen (node:net:1953:7)
    at Function.listen (D:\Pocket Survey\pocketSurvey_backend\node_modules\express\lib\application.js:635:24)
    at App.listen (D:\Pocket Survey\pocketSurvey_backend\src\app.ts:39:14)
    at Object.<anonymous> (D:\Pocket Survey\pocketSurvey_backend\src\server.ts:14:5)
    at Module._compile (node:internal/modules/cjs/loader:1364:14)
    at Module.m._compile (D:\Pocket Survey\pocketSurvey_backend\node_modules\ts-node\src\index.ts:1371:23)
    at Module._extensions..js (node:internal/modules/cjs/loader:1422:10)
    at Object.require.extensions.<computed> [as .ts] (D:\Pocket Survey\pocketSurvey_backend\node_modules\ts-node\src\index.ts:1374:12)
2024-07-07 20:18:20 error: uncaughtException: listen EADDRINUSE: address already in use :::3000
Error: listen EADDRINUSE: address already in use :::3000
    at Server.setupListenHandle [as _listen2] (node:net:1817:16)
    at listenInCluster (node:net:1865:12)
    at Server.listen (node:net:1953:7)
    at Function.listen (D:\Pocket Survey\pocketSurvey_backend\node_modules\express\lib\application.js:635:24)
    at App.listen (D:\Pocket Survey\pocketSurvey_backend\src\app.ts:39:14)
    at Object.<anonymous> (D:\Pocket Survey\pocketSurvey_backend\src\server.ts:14:5)
    at Module._compile (node:internal/modules/cjs/loader:1364:14)
    at Module.m._compile (D:\Pocket Survey\pocketSurvey_backend\node_modules\ts-node\src\index.ts:1371:23)
    at Module._extensions..js (node:internal/modules/cjs/loader:1422:10)
    at Object.require.extensions.<computed> [as .ts] (D:\Pocket Survey\pocketSurvey_backend\node_modules\ts-node\src\index.ts:1374:12)
2024-07-07 20:19:53 error: uncaughtException: listen EADDRINUSE: address already in use :::3000
Error: listen EADDRINUSE: address already in use :::3000
    at Server.setupListenHandle [as _listen2] (node:net:1817:16)
    at listenInCluster (node:net:1865:12)
    at Server.listen (node:net:1953:7)
    at Function.listen (D:\Pocket Survey\pocketSurvey_backend\node_modules\express\lib\application.js:635:24)
    at App.listen (D:\Pocket Survey\pocketSurvey_backend\src\app.ts:39:14)
    at Object.<anonymous> (D:\Pocket Survey\pocketSurvey_backend\src\server.ts:14:5)
    at Module._compile (node:internal/modules/cjs/loader:1364:14)
    at Module.m._compile (D:\Pocket Survey\pocketSurvey_backend\node_modules\ts-node\src\index.ts:1371:23)
    at Module._extensions..js (node:internal/modules/cjs/loader:1422:10)
    at Object.require.extensions.<computed> [as .ts] (D:\Pocket Survey\pocketSurvey_backend\node_modules\ts-node\src\index.ts:1374:12)
2024-07-07 20:20:20 error: uncaughtException: listen EADDRINUSE: address already in use :::3000
Error: listen EADDRINUSE: address already in use :::3000
    at Server.setupListenHandle [as _listen2] (node:net:1817:16)
    at listenInCluster (node:net:1865:12)
    at Server.listen (node:net:1953:7)
    at Function.listen (D:\Pocket Survey\pocketSurvey_backend\node_modules\express\lib\application.js:635:24)
    at App.listen (D:\Pocket Survey\pocketSurvey_backend\src\app.ts:39:14)
    at Object.<anonymous> (D:\Pocket Survey\pocketSurvey_backend\src\server.ts:14:5)
    at Module._compile (node:internal/modules/cjs/loader:1364:14)
    at Module.m._compile (D:\Pocket Survey\pocketSurvey_backend\node_modules\ts-node\src\index.ts:1371:23)
    at Module._extensions..js (node:internal/modules/cjs/loader:1422:10)
    at Object.require.extensions.<computed> [as .ts] (D:\Pocket Survey\pocketSurvey_backend\node_modules\ts-node\src\index.ts:1374:12)
2024-07-07 20:20:32 error: uncaughtException: listen EADDRINUSE: address already in use :::3000
Error: listen EADDRINUSE: address already in use :::3000
    at Server.setupListenHandle [as _listen2] (node:net:1817:16)
    at listenInCluster (node:net:1865:12)
    at Server.listen (node:net:1953:7)
    at Function.listen (D:\Pocket Survey\pocketSurvey_backend\node_modules\express\lib\application.js:635:24)
    at App.listen (D:\Pocket Survey\pocketSurvey_backend\src\app.ts:39:14)
    at Object.<anonymous> (D:\Pocket Survey\pocketSurvey_backend\src\server.ts:14:5)
    at Module._compile (node:internal/modules/cjs/loader:1364:14)
    at Module.m._compile (D:\Pocket Survey\pocketSurvey_backend\node_modules\ts-node\src\index.ts:1371:23)
    at Module._extensions..js (node:internal/modules/cjs/loader:1422:10)
    at Object.require.extensions.<computed> [as .ts] (D:\Pocket Survey\pocketSurvey_backend\node_modules\ts-node\src\index.ts:1374:12)
2024-07-07 20:21:50 error: uncaughtException: listen EADDRINUSE: address already in use :::3000
Error: listen EADDRINUSE: address already in use :::3000
    at Server.setupListenHandle [as _listen2] (node:net:1817:16)
    at listenInCluster (node:net:1865:12)
    at Server.listen (node:net:1953:7)
    at Function.listen (D:\Pocket Survey\pocketSurvey_backend\node_modules\express\lib\application.js:635:24)
    at App.listen (D:\Pocket Survey\pocketSurvey_backend\src\app.ts:39:14)
    at Object.<anonymous> (D:\Pocket Survey\pocketSurvey_backend\src\server.ts:14:5)
    at Module._compile (node:internal/modules/cjs/loader:1364:14)
    at Module.m._compile (D:\Pocket Survey\pocketSurvey_backend\node_modules\ts-node\src\index.ts:1371:23)
    at Module._extensions..js (node:internal/modules/cjs/loader:1422:10)
    at Object.require.extensions.<computed> [as .ts] (D:\Pocket Survey\pocketSurvey_backend\node_modules\ts-node\src\index.ts:1374:12)
2024-07-07 20:24:22 error: uncaughtException: listen EADDRINUSE: address already in use :::3000
Error: listen EADDRINUSE: address already in use :::3000
    at Server.setupListenHandle [as _listen2] (node:net:1817:16)
    at listenInCluster (node:net:1865:12)
    at Server.listen (node:net:1953:7)
    at Function.listen (D:\Pocket Survey\pocketSurvey_backend\node_modules\express\lib\application.js:635:24)
    at App.listen (D:\Pocket Survey\pocketSurvey_backend\src\app.ts:39:14)
    at Object.<anonymous> (D:\Pocket Survey\pocketSurvey_backend\src\server.ts:14:5)
    at Module._compile (node:internal/modules/cjs/loader:1364:14)
    at Module.m._compile (D:\Pocket Survey\pocketSurvey_backend\node_modules\ts-node\src\index.ts:1371:23)
    at Module._extensions..js (node:internal/modules/cjs/loader:1422:10)
    at Object.require.extensions.<computed> [as .ts] (D:\Pocket Survey\pocketSurvey_backend\node_modules\ts-node\src\index.ts:1374:12)
2024-07-07 20:24:38 error: uncaughtException: listen EADDRINUSE: address already in use :::3000
Error: listen EADDRINUSE: address already in use :::3000
    at Server.setupListenHandle [as _listen2] (node:net:1817:16)
    at listenInCluster (node:net:1865:12)
    at Server.listen (node:net:1953:7)
    at Function.listen (D:\Pocket Survey\pocketSurvey_backend\node_modules\express\lib\application.js:635:24)
    at App.listen (D:\Pocket Survey\pocketSurvey_backend\src\app.ts:39:14)
    at Object.<anonymous> (D:\Pocket Survey\pocketSurvey_backend\src\server.ts:14:5)
    at Module._compile (node:internal/modules/cjs/loader:1364:14)
    at Module.m._compile (D:\Pocket Survey\pocketSurvey_backend\node_modules\ts-node\src\index.ts:1371:23)
    at Module._extensions..js (node:internal/modules/cjs/loader:1422:10)
    at Object.require.extensions.<computed> [as .ts] (D:\Pocket Survey\pocketSurvey_backend\node_modules\ts-node\src\index.ts:1374:12)
2024-07-07 20:29:55 error: uncaughtException: listen EADDRINUSE: address already in use :::3000
Error: listen EADDRINUSE: address already in use :::3000
    at Server.setupListenHandle [as _listen2] (node:net:1817:16)
    at listenInCluster (node:net:1865:12)
    at Server.listen (node:net:1953:7)
    at Function.listen (D:\Pocket Survey\pocketSurvey_backend\node_modules\express\lib\application.js:635:24)
    at App.listen (D:\Pocket Survey\pocketSurvey_backend\src\app.ts:39:14)
    at Object.<anonymous> (D:\Pocket Survey\pocketSurvey_backend\src\server.ts:14:5)
    at Module._compile (node:internal/modules/cjs/loader:1364:14)
    at Module.m._compile (D:\Pocket Survey\pocketSurvey_backend\node_modules\ts-node\src\index.ts:1371:23)
    at Module._extensions..js (node:internal/modules/cjs/loader:1422:10)
    at Object.require.extensions.<computed> [as .ts] (D:\Pocket Survey\pocketSurvey_backend\node_modules\ts-node\src\index.ts:1374:12)
2024-07-07 20:30:09 error: uncaughtException: listen EADDRINUSE: address already in use :::3000
Error: listen EADDRINUSE: address already in use :::3000
    at Server.setupListenHandle [as _listen2] (node:net:1817:16)
    at listenInCluster (node:net:1865:12)
    at Server.listen (node:net:1953:7)
    at Function.listen (D:\Pocket Survey\pocketSurvey_backend\node_modules\express\lib\application.js:635:24)
    at App.listen (D:\Pocket Survey\pocketSurvey_backend\src\app.ts:39:14)
    at Object.<anonymous> (D:\Pocket Survey\pocketSurvey_backend\src\server.ts:14:5)
    at Module._compile (node:internal/modules/cjs/loader:1364:14)
    at Module.m._compile (D:\Pocket Survey\pocketSurvey_backend\node_modules\ts-node\src\index.ts:1371:23)
    at Module._extensions..js (node:internal/modules/cjs/loader:1422:10)
    at Object.require.extensions.<computed> [as .ts] (D:\Pocket Survey\pocketSurvey_backend\node_modules\ts-node\src\index.ts:1374:12)
2024-07-07 22:13:48 error: [POST] /resetPassword >> StatusCode:: 400, Message:: password must be an email,password should not be empty, confirmPassword must be an email,confirmPassword should not be empty
2024-07-07 22:16:44 error: uncaughtException: listen EADDRINUSE: address already in use :::3000
Error: listen EADDRINUSE: address already in use :::3000
    at Server.setupListenHandle [as _listen2] (node:net:1817:16)
    at listenInCluster (node:net:1865:12)
    at Server.listen (node:net:1953:7)
    at Function.listen (D:\Pocket Survey\pocketSurvey_backend\node_modules\express\lib\application.js:635:24)
    at App.listen (D:\Pocket Survey\pocketSurvey_backend\src\app.ts:39:14)
    at Object.<anonymous> (D:\Pocket Survey\pocketSurvey_backend\src\server.ts:14:5)
    at Module._compile (node:internal/modules/cjs/loader:1364:14)
    at Module.m._compile (D:\Pocket Survey\pocketSurvey_backend\node_modules\ts-node\src\index.ts:1371:23)
    at Module._extensions..js (node:internal/modules/cjs/loader:1422:10)
    at Object.require.extensions.<computed> [as .ts] (D:\Pocket Survey\pocketSurvey_backend\node_modules\ts-node\src\index.ts:1374:12)
2024-07-07 22:25:18 error: uncaughtException: listen EADDRINUSE: address already in use :::3000
Error: listen EADDRINUSE: address already in use :::3000
    at Server.setupListenHandle [as _listen2] (node:net:1817:16)
    at listenInCluster (node:net:1865:12)
    at Server.listen (node:net:1953:7)
    at Function.listen (D:\Pocket Survey\pocketSurvey_backend\node_modules\express\lib\application.js:635:24)
    at App.listen (D:\Pocket Survey\pocketSurvey_backend\src\app.ts:39:14)
    at Object.<anonymous> (D:\Pocket Survey\pocketSurvey_backend\src\server.ts:14:5)
    at Module._compile (node:internal/modules/cjs/loader:1364:14)
    at Module.m._compile (D:\Pocket Survey\pocketSurvey_backend\node_modules\ts-node\src\index.ts:1371:23)
    at Module._extensions..js (node:internal/modules/cjs/loader:1422:10)
    at Object.require.extensions.<computed> [as .ts] (D:\Pocket Survey\pocketSurvey_backend\node_modules\ts-node\src\index.ts:1374:12)
2024-07-07 22:25:45 error: uncaughtException: listen EADDRINUSE: address already in use :::3000
Error: listen EADDRINUSE: address already in use :::3000
    at Server.setupListenHandle [as _listen2] (node:net:1817:16)
    at listenInCluster (node:net:1865:12)
    at Server.listen (node:net:1953:7)
    at Function.listen (D:\Pocket Survey\pocketSurvey_backend\node_modules\express\lib\application.js:635:24)
    at App.listen (D:\Pocket Survey\pocketSurvey_backend\src\app.ts:39:14)
    at Object.<anonymous> (D:\Pocket Survey\pocketSurvey_backend\src\server.ts:14:5)
    at Module._compile (node:internal/modules/cjs/loader:1364:14)
    at Module.m._compile (D:\Pocket Survey\pocketSurvey_backend\node_modules\ts-node\src\index.ts:1371:23)
    at Module._extensions..js (node:internal/modules/cjs/loader:1422:10)
    at Object.require.extensions.<computed> [as .ts] (D:\Pocket Survey\pocketSurvey_backend\node_modules\ts-node\src\index.ts:1374:12)
2024-07-07 22:26:38 error: uncaughtException: listen EADDRINUSE: address already in use :::3000
Error: listen EADDRINUSE: address already in use :::3000
    at Server.setupListenHandle [as _listen2] (node:net:1817:16)
    at listenInCluster (node:net:1865:12)
    at Server.listen (node:net:1953:7)
    at Function.listen (D:\Pocket Survey\pocketSurvey_backend\node_modules\express\lib\application.js:635:24)
    at App.listen (D:\Pocket Survey\pocketSurvey_backend\src\app.ts:39:14)
    at Object.<anonymous> (D:\Pocket Survey\pocketSurvey_backend\src\server.ts:14:5)
    at Module._compile (node:internal/modules/cjs/loader:1364:14)
    at Module.m._compile (D:\Pocket Survey\pocketSurvey_backend\node_modules\ts-node\src\index.ts:1371:23)
    at Module._extensions..js (node:internal/modules/cjs/loader:1422:10)
    at Object.require.extensions.<computed> [as .ts] (D:\Pocket Survey\pocketSurvey_backend\node_modules\ts-node\src\index.ts:1374:12)
2024-07-07 22:27:21 error: uncaughtException: listen EADDRINUSE: address already in use :::3000
Error: listen EADDRINUSE: address already in use :::3000
    at Server.setupListenHandle [as _listen2] (node:net:1817:16)
    at listenInCluster (node:net:1865:12)
    at Server.listen (node:net:1953:7)
    at Function.listen (D:\Pocket Survey\pocketSurvey_backend\node_modules\express\lib\application.js:635:24)
    at App.listen (D:\Pocket Survey\pocketSurvey_backend\src\app.ts:39:14)
    at Object.<anonymous> (D:\Pocket Survey\pocketSurvey_backend\src\server.ts:14:5)
    at Module._compile (node:internal/modules/cjs/loader:1364:14)
    at Module.m._compile (D:\Pocket Survey\pocketSurvey_backend\node_modules\ts-node\src\index.ts:1371:23)
    at Module._extensions..js (node:internal/modules/cjs/loader:1422:10)
    at Object.require.extensions.<computed> [as .ts] (D:\Pocket Survey\pocketSurvey_backend\node_modules\ts-node\src\index.ts:1374:12)
2024-07-07 22:29:39 error: uncaughtException: listen EADDRINUSE: address already in use :::3000
Error: listen EADDRINUSE: address already in use :::3000
    at Server.setupListenHandle [as _listen2] (node:net:1817:16)
    at listenInCluster (node:net:1865:12)
    at Server.listen (node:net:1953:7)
    at Function.listen (D:\Pocket Survey\pocketSurvey_backend\node_modules\express\lib\application.js:635:24)
    at App.listen (D:\Pocket Survey\pocketSurvey_backend\src\app.ts:39:14)
    at Object.<anonymous> (D:\Pocket Survey\pocketSurvey_backend\src\server.ts:14:5)
    at Module._compile (node:internal/modules/cjs/loader:1364:14)
    at Module.m._compile (D:\Pocket Survey\pocketSurvey_backend\node_modules\ts-node\src\index.ts:1371:23)
    at Module._extensions..js (node:internal/modules/cjs/loader:1422:10)
    at Object.require.extensions.<computed> [as .ts] (D:\Pocket Survey\pocketSurvey_backend\node_modules\ts-node\src\index.ts:1374:12)
2024-07-07 22:30:17 error: uncaughtException: listen EADDRINUSE: address already in use :::3000
Error: listen EADDRINUSE: address already in use :::3000
    at Server.setupListenHandle [as _listen2] (node:net:1817:16)
    at listenInCluster (node:net:1865:12)
    at Server.listen (node:net:1953:7)
    at Function.listen (D:\Pocket Survey\pocketSurvey_backend\node_modules\express\lib\application.js:635:24)
    at App.listen (D:\Pocket Survey\pocketSurvey_backend\src\app.ts:39:14)
    at Object.<anonymous> (D:\Pocket Survey\pocketSurvey_backend\src\server.ts:14:5)
    at Module._compile (node:internal/modules/cjs/loader:1364:14)
    at Module.m._compile (D:\Pocket Survey\pocketSurvey_backend\node_modules\ts-node\src\index.ts:1371:23)
    at Module._extensions..js (node:internal/modules/cjs/loader:1422:10)
    at Object.require.extensions.<computed> [as .ts] (D:\Pocket Survey\pocketSurvey_backend\node_modules\ts-node\src\index.ts:1374:12)
2024-07-07 22:32:24 error: uncaughtException: listen EADDRINUSE: address already in use :::3000
Error: listen EADDRINUSE: address already in use :::3000
    at Server.setupListenHandle [as _listen2] (node:net:1817:16)
    at listenInCluster (node:net:1865:12)
    at Server.listen (node:net:1953:7)
    at Function.listen (D:\Pocket Survey\pocketSurvey_backend\node_modules\express\lib\application.js:635:24)
    at App.listen (D:\Pocket Survey\pocketSurvey_backend\src\app.ts:39:14)
    at Object.<anonymous> (D:\Pocket Survey\pocketSurvey_backend\src\server.ts:14:5)
    at Module._compile (node:internal/modules/cjs/loader:1364:14)
    at Module.m._compile (D:\Pocket Survey\pocketSurvey_backend\node_modules\ts-node\src\index.ts:1371:23)
    at Module._extensions..js (node:internal/modules/cjs/loader:1422:10)
    at Object.require.extensions.<computed> [as .ts] (D:\Pocket Survey\pocketSurvey_backend\node_modules\ts-node\src\index.ts:1374:12)
2024-07-07 22:32:40 error: uncaughtException: listen EADDRINUSE: address already in use :::3000
Error: listen EADDRINUSE: address already in use :::3000
    at Server.setupListenHandle [as _listen2] (node:net:1817:16)
    at listenInCluster (node:net:1865:12)
    at Server.listen (node:net:1953:7)
    at Function.listen (D:\Pocket Survey\pocketSurvey_backend\node_modules\express\lib\application.js:635:24)
    at App.listen (D:\Pocket Survey\pocketSurvey_backend\src\app.ts:39:14)
    at Object.<anonymous> (D:\Pocket Survey\pocketSurvey_backend\src\server.ts:14:5)
    at Module._compile (node:internal/modules/cjs/loader:1364:14)
    at Module.m._compile (D:\Pocket Survey\pocketSurvey_backend\node_modules\ts-node\src\index.ts:1371:23)
    at Module._extensions..js (node:internal/modules/cjs/loader:1422:10)
    at Object.require.extensions.<computed> [as .ts] (D:\Pocket Survey\pocketSurvey_backend\node_modules\ts-node\src\index.ts:1374:12)
2024-07-07 22:32:50 error: uncaughtException: listen EADDRINUSE: address already in use :::3000
Error: listen EADDRINUSE: address already in use :::3000
    at Server.setupListenHandle [as _listen2] (node:net:1817:16)
    at listenInCluster (node:net:1865:12)
    at Server.listen (node:net:1953:7)
    at Function.listen (D:\Pocket Survey\pocketSurvey_backend\node_modules\express\lib\application.js:635:24)
    at App.listen (D:\Pocket Survey\pocketSurvey_backend\src\app.ts:39:14)
    at Object.<anonymous> (D:\Pocket Survey\pocketSurvey_backend\src\server.ts:14:5)
    at Module._compile (node:internal/modules/cjs/loader:1364:14)
    at Module.m._compile (D:\Pocket Survey\pocketSurvey_backend\node_modules\ts-node\src\index.ts:1371:23)
    at Module._extensions..js (node:internal/modules/cjs/loader:1422:10)
    at Object.require.extensions.<computed> [as .ts] (D:\Pocket Survey\pocketSurvey_backend\node_modules\ts-node\src\index.ts:1374:12)
2024-07-07 22:34:15 error: uncaughtException: listen EADDRINUSE: address already in use :::3000
Error: listen EADDRINUSE: address already in use :::3000
    at Server.setupListenHandle [as _listen2] (node:net:1817:16)
    at listenInCluster (node:net:1865:12)
    at Server.listen (node:net:1953:7)
    at Function.listen (D:\Pocket Survey\pocketSurvey_backend\node_modules\express\lib\application.js:635:24)
    at App.listen (D:\Pocket Survey\pocketSurvey_backend\src\app.ts:39:14)
    at Object.<anonymous> (D:\Pocket Survey\pocketSurvey_backend\src\server.ts:14:5)
    at Module._compile (node:internal/modules/cjs/loader:1364:14)
    at Module.m._compile (D:\Pocket Survey\pocketSurvey_backend\node_modules\ts-node\src\index.ts:1371:23)
    at Module._extensions..js (node:internal/modules/cjs/loader:1422:10)
    at Object.require.extensions.<computed> [as .ts] (D:\Pocket Survey\pocketSurvey_backend\node_modules\ts-node\src\index.ts:1374:12)
2024-07-07 22:34:18 error: uncaughtException: listen EADDRINUSE: address already in use :::3000
Error: listen EADDRINUSE: address already in use :::3000
    at Server.setupListenHandle [as _listen2] (node:net:1817:16)
    at listenInCluster (node:net:1865:12)
    at Server.listen (node:net:1953:7)
    at Function.listen (D:\Pocket Survey\pocketSurvey_backend\node_modules\express\lib\application.js:635:24)
    at App.listen (D:\Pocket Survey\pocketSurvey_backend\src\app.ts:39:14)
    at Object.<anonymous> (D:\Pocket Survey\pocketSurvey_backend\src\server.ts:14:5)
    at Module._compile (node:internal/modules/cjs/loader:1364:14)
    at Module.m._compile (D:\Pocket Survey\pocketSurvey_backend\node_modules\ts-node\src\index.ts:1371:23)
    at Module._extensions..js (node:internal/modules/cjs/loader:1422:10)
    at Object.require.extensions.<computed> [as .ts] (D:\Pocket Survey\pocketSurvey_backend\node_modules\ts-node\src\index.ts:1374:12)
2024-07-07 22:34:30 error: uncaughtException: listen EADDRINUSE: address already in use :::3000
Error: listen EADDRINUSE: address already in use :::3000
    at Server.setupListenHandle [as _listen2] (node:net:1817:16)
    at listenInCluster (node:net:1865:12)
    at Server.listen (node:net:1953:7)
    at Function.listen (D:\Pocket Survey\pocketSurvey_backend\node_modules\express\lib\application.js:635:24)
    at App.listen (D:\Pocket Survey\pocketSurvey_backend\src\app.ts:39:14)
    at Object.<anonymous> (D:\Pocket Survey\pocketSurvey_backend\src\server.ts:14:5)
    at Module._compile (node:internal/modules/cjs/loader:1364:14)
    at Module.m._compile (D:\Pocket Survey\pocketSurvey_backend\node_modules\ts-node\src\index.ts:1371:23)
    at Module._extensions..js (node:internal/modules/cjs/loader:1422:10)
    at Object.require.extensions.<computed> [as .ts] (D:\Pocket Survey\pocketSurvey_backend\node_modules\ts-node\src\index.ts:1374:12)
2024-07-07 22:34:41 error: uncaughtException: listen EADDRINUSE: address already in use :::3000
Error: listen EADDRINUSE: address already in use :::3000
    at Server.setupListenHandle [as _listen2] (node:net:1817:16)
    at listenInCluster (node:net:1865:12)
    at Server.listen (node:net:1953:7)
    at Function.listen (D:\Pocket Survey\pocketSurvey_backend\node_modules\express\lib\application.js:635:24)
    at App.listen (D:\Pocket Survey\pocketSurvey_backend\src\app.ts:39:14)
    at Object.<anonymous> (D:\Pocket Survey\pocketSurvey_backend\src\server.ts:14:5)
    at Module._compile (node:internal/modules/cjs/loader:1364:14)
    at Module.m._compile (D:\Pocket Survey\pocketSurvey_backend\node_modules\ts-node\src\index.ts:1371:23)
    at Module._extensions..js (node:internal/modules/cjs/loader:1422:10)
    at Object.require.extensions.<computed> [as .ts] (D:\Pocket Survey\pocketSurvey_backend\node_modules\ts-node\src\index.ts:1374:12)
2024-07-07 22:34:49 error: uncaughtException: listen EADDRINUSE: address already in use :::3000
Error: listen EADDRINUSE: address already in use :::3000
    at Server.setupListenHandle [as _listen2] (node:net:1817:16)
    at listenInCluster (node:net:1865:12)
    at Server.listen (node:net:1953:7)
    at Function.listen (D:\Pocket Survey\pocketSurvey_backend\node_modules\express\lib\application.js:635:24)
    at App.listen (D:\Pocket Survey\pocketSurvey_backend\src\app.ts:39:14)
    at Object.<anonymous> (D:\Pocket Survey\pocketSurvey_backend\src\server.ts:14:5)
    at Module._compile (node:internal/modules/cjs/loader:1364:14)
    at Module.m._compile (D:\Pocket Survey\pocketSurvey_backend\node_modules\ts-node\src\index.ts:1371:23)
    at Module._extensions..js (node:internal/modules/cjs/loader:1422:10)
    at Object.require.extensions.<computed> [as .ts] (D:\Pocket Survey\pocketSurvey_backend\node_modules\ts-node\src\index.ts:1374:12)
2024-07-07 22:34:56 error: uncaughtException: listen EADDRINUSE: address already in use :::3000
Error: listen EADDRINUSE: address already in use :::3000
    at Server.setupListenHandle [as _listen2] (node:net:1817:16)
    at listenInCluster (node:net:1865:12)
    at Server.listen (node:net:1953:7)
    at Function.listen (D:\Pocket Survey\pocketSurvey_backend\node_modules\express\lib\application.js:635:24)
    at App.listen (D:\Pocket Survey\pocketSurvey_backend\src\app.ts:39:14)
    at Object.<anonymous> (D:\Pocket Survey\pocketSurvey_backend\src\server.ts:14:5)
    at Module._compile (node:internal/modules/cjs/loader:1364:14)
    at Module.m._compile (D:\Pocket Survey\pocketSurvey_backend\node_modules\ts-node\src\index.ts:1371:23)
    at Module._extensions..js (node:internal/modules/cjs/loader:1422:10)
    at Object.require.extensions.<computed> [as .ts] (D:\Pocket Survey\pocketSurvey_backend\node_modules\ts-node\src\index.ts:1374:12)
2024-07-07 22:40:44 error: uncaughtException: listen EADDRINUSE: address already in use :::3000
Error: listen EADDRINUSE: address already in use :::3000
    at Server.setupListenHandle [as _listen2] (node:net:1817:16)
    at listenInCluster (node:net:1865:12)
    at Server.listen (node:net:1953:7)
    at Function.listen (D:\Pocket Survey\pocketSurvey_backend\node_modules\express\lib\application.js:635:24)
    at App.listen (D:\Pocket Survey\pocketSurvey_backend\src\app.ts:39:14)
    at Object.<anonymous> (D:\Pocket Survey\pocketSurvey_backend\src\server.ts:14:5)
    at Module._compile (node:internal/modules/cjs/loader:1364:14)
    at Module.m._compile (D:\Pocket Survey\pocketSurvey_backend\node_modules\ts-node\src\index.ts:1371:23)
    at Module._extensions..js (node:internal/modules/cjs/loader:1422:10)
    at Object.require.extensions.<computed> [as .ts] (D:\Pocket Survey\pocketSurvey_backend\node_modules\ts-node\src\index.ts:1374:12)
2024-07-07 22:41:19 error: uncaughtException: listen EADDRINUSE: address already in use :::3000
Error: listen EADDRINUSE: address already in use :::3000
    at Server.setupListenHandle [as _listen2] (node:net:1817:16)
    at listenInCluster (node:net:1865:12)
    at Server.listen (node:net:1953:7)
    at Function.listen (D:\Pocket Survey\pocketSurvey_backend\node_modules\express\lib\application.js:635:24)
    at App.listen (D:\Pocket Survey\pocketSurvey_backend\src\app.ts:39:14)
    at Object.<anonymous> (D:\Pocket Survey\pocketSurvey_backend\src\server.ts:14:5)
    at Module._compile (node:internal/modules/cjs/loader:1364:14)
    at Module.m._compile (D:\Pocket Survey\pocketSurvey_backend\node_modules\ts-node\src\index.ts:1371:23)
    at Module._extensions..js (node:internal/modules/cjs/loader:1422:10)
    at Object.require.extensions.<computed> [as .ts] (D:\Pocket Survey\pocketSurvey_backend\node_modules\ts-node\src\index.ts:1374:12)
2024-07-07 22:42:21 error: uncaughtException: listen EADDRINUSE: address already in use :::3000
Error: listen EADDRINUSE: address already in use :::3000
    at Server.setupListenHandle [as _listen2] (node:net:1817:16)
    at listenInCluster (node:net:1865:12)
    at Server.listen (node:net:1953:7)
    at Function.listen (D:\Pocket Survey\pocketSurvey_backend\node_modules\express\lib\application.js:635:24)
    at App.listen (D:\Pocket Survey\pocketSurvey_backend\src\app.ts:39:14)
    at Object.<anonymous> (D:\Pocket Survey\pocketSurvey_backend\src\server.ts:14:5)
    at Module._compile (node:internal/modules/cjs/loader:1364:14)
    at Module.m._compile (D:\Pocket Survey\pocketSurvey_backend\node_modules\ts-node\src\index.ts:1371:23)
    at Module._extensions..js (node:internal/modules/cjs/loader:1422:10)
    at Object.require.extensions.<computed> [as .ts] (D:\Pocket Survey\pocketSurvey_backend\node_modules\ts-node\src\index.ts:1374:12)
2024-07-07 22:42:35 error: uncaughtException: listen EADDRINUSE: address already in use :::3000
Error: listen EADDRINUSE: address already in use :::3000
    at Server.setupListenHandle [as _listen2] (node:net:1817:16)
    at listenInCluster (node:net:1865:12)
    at Server.listen (node:net:1953:7)
    at Function.listen (D:\Pocket Survey\pocketSurvey_backend\node_modules\express\lib\application.js:635:24)
    at App.listen (D:\Pocket Survey\pocketSurvey_backend\src\app.ts:39:14)
    at Object.<anonymous> (D:\Pocket Survey\pocketSurvey_backend\src\server.ts:14:5)
    at Module._compile (node:internal/modules/cjs/loader:1364:14)
    at Module.m._compile (D:\Pocket Survey\pocketSurvey_backend\node_modules\ts-node\src\index.ts:1371:23)
    at Module._extensions..js (node:internal/modules/cjs/loader:1422:10)
    at Object.require.extensions.<computed> [as .ts] (D:\Pocket Survey\pocketSurvey_backend\node_modules\ts-node\src\index.ts:1374:12)
2024-07-07 22:46:59 error: uncaughtException: listen EADDRINUSE: address already in use :::3000
Error: listen EADDRINUSE: address already in use :::3000
    at Server.setupListenHandle [as _listen2] (node:net:1817:16)
    at listenInCluster (node:net:1865:12)
    at Server.listen (node:net:1953:7)
    at Function.listen (D:\Pocket Survey\pocketSurvey_backend\node_modules\express\lib\application.js:635:24)
    at App.listen (D:\Pocket Survey\pocketSurvey_backend\src\app.ts:39:14)
    at Object.<anonymous> (D:\Pocket Survey\pocketSurvey_backend\src\server.ts:14:5)
    at Module._compile (node:internal/modules/cjs/loader:1364:14)
    at Module.m._compile (D:\Pocket Survey\pocketSurvey_backend\node_modules\ts-node\src\index.ts:1371:23)
    at Module._extensions..js (node:internal/modules/cjs/loader:1422:10)
    at Object.require.extensions.<computed> [as .ts] (D:\Pocket Survey\pocketSurvey_backend\node_modules\ts-node\src\index.ts:1374:12)
2024-07-07 22:47:36 error: uncaughtException: listen EADDRINUSE: address already in use :::3000
Error: listen EADDRINUSE: address already in use :::3000
    at Server.setupListenHandle [as _listen2] (node:net:1817:16)
    at listenInCluster (node:net:1865:12)
    at Server.listen (node:net:1953:7)
    at Function.listen (D:\Pocket Survey\pocketSurvey_backend\node_modules\express\lib\application.js:635:24)
    at App.listen (D:\Pocket Survey\pocketSurvey_backend\src\app.ts:39:14)
    at Object.<anonymous> (D:\Pocket Survey\pocketSurvey_backend\src\server.ts:14:5)
    at Module._compile (node:internal/modules/cjs/loader:1364:14)
    at Module.m._compile (D:\Pocket Survey\pocketSurvey_backend\node_modules\ts-node\src\index.ts:1371:23)
    at Module._extensions..js (node:internal/modules/cjs/loader:1422:10)
    at Object.require.extensions.<computed> [as .ts] (D:\Pocket Survey\pocketSurvey_backend\node_modules\ts-node\src\index.ts:1374:12)
2024-07-07 22:51:01 error: uncaughtException: listen EADDRINUSE: address already in use :::3000
Error: listen EADDRINUSE: address already in use :::3000
    at Server.setupListenHandle [as _listen2] (node:net:1817:16)
    at listenInCluster (node:net:1865:12)
    at Server.listen (node:net:1953:7)
    at Function.listen (D:\Pocket Survey\pocketSurvey_backend\node_modules\express\lib\application.js:635:24)
    at App.listen (D:\Pocket Survey\pocketSurvey_backend\src\app.ts:39:14)
    at Object.<anonymous> (D:\Pocket Survey\pocketSurvey_backend\src\server.ts:14:5)
    at Module._compile (node:internal/modules/cjs/loader:1364:14)
    at Module.m._compile (D:\Pocket Survey\pocketSurvey_backend\node_modules\ts-node\src\index.ts:1371:23)
    at Module._extensions..js (node:internal/modules/cjs/loader:1422:10)
    at Object.require.extensions.<computed> [as .ts] (D:\Pocket Survey\pocketSurvey_backend\node_modules\ts-node\src\index.ts:1374:12)
2024-07-07 22:52:05 error: uncaughtException: listen EADDRINUSE: address already in use :::3000
Error: listen EADDRINUSE: address already in use :::3000
    at Server.setupListenHandle [as _listen2] (node:net:1817:16)
    at listenInCluster (node:net:1865:12)
    at Server.listen (node:net:1953:7)
    at Function.listen (D:\Pocket Survey\pocketSurvey_backend\node_modules\express\lib\application.js:635:24)
    at App.listen (D:\Pocket Survey\pocketSurvey_backend\src\app.ts:39:14)
    at Object.<anonymous> (D:\Pocket Survey\pocketSurvey_backend\src\server.ts:14:5)
    at Module._compile (node:internal/modules/cjs/loader:1364:14)
    at Module.m._compile (D:\Pocket Survey\pocketSurvey_backend\node_modules\ts-node\src\index.ts:1371:23)
    at Module._extensions..js (node:internal/modules/cjs/loader:1422:10)
    at Object.require.extensions.<computed> [as .ts] (D:\Pocket Survey\pocketSurvey_backend\node_modules\ts-node\src\index.ts:1374:12)
2024-07-07 22:52:15 error: uncaughtException: listen EADDRINUSE: address already in use :::3000
Error: listen EADDRINUSE: address already in use :::3000
    at Server.setupListenHandle [as _listen2] (node:net:1817:16)
    at listenInCluster (node:net:1865:12)
    at Server.listen (node:net:1953:7)
    at Function.listen (D:\Pocket Survey\pocketSurvey_backend\node_modules\express\lib\application.js:635:24)
    at App.listen (D:\Pocket Survey\pocketSurvey_backend\src\app.ts:39:14)
    at Object.<anonymous> (D:\Pocket Survey\pocketSurvey_backend\src\server.ts:14:5)
    at Module._compile (node:internal/modules/cjs/loader:1364:14)
    at Module.m._compile (D:\Pocket Survey\pocketSurvey_backend\node_modules\ts-node\src\index.ts:1371:23)
    at Module._extensions..js (node:internal/modules/cjs/loader:1422:10)
    at Object.require.extensions.<computed> [as .ts] (D:\Pocket Survey\pocketSurvey_backend\node_modules\ts-node\src\index.ts:1374:12)
2024-07-07 22:52:28 error: uncaughtException: listen EADDRINUSE: address already in use :::3000
Error: listen EADDRINUSE: address already in use :::3000
    at Server.setupListenHandle [as _listen2] (node:net:1817:16)
    at listenInCluster (node:net:1865:12)
    at Server.listen (node:net:1953:7)
    at Function.listen (D:\Pocket Survey\pocketSurvey_backend\node_modules\express\lib\application.js:635:24)
    at App.listen (D:\Pocket Survey\pocketSurvey_backend\src\app.ts:39:14)
    at Object.<anonymous> (D:\Pocket Survey\pocketSurvey_backend\src\server.ts:14:5)
    at Module._compile (node:internal/modules/cjs/loader:1364:14)
    at Module.m._compile (D:\Pocket Survey\pocketSurvey_backend\node_modules\ts-node\src\index.ts:1371:23)
    at Module._extensions..js (node:internal/modules/cjs/loader:1422:10)
    at Object.require.extensions.<computed> [as .ts] (D:\Pocket Survey\pocketSurvey_backend\node_modules\ts-node\src\index.ts:1374:12)
2024-07-07 22:54:09 error: uncaughtException: listen EADDRINUSE: address already in use :::3000
Error: listen EADDRINUSE: address already in use :::3000
    at Server.setupListenHandle [as _listen2] (node:net:1817:16)
    at listenInCluster (node:net:1865:12)
    at Server.listen (node:net:1953:7)
    at Function.listen (D:\Pocket Survey\pocketSurvey_backend\node_modules\express\lib\application.js:635:24)
    at App.listen (D:\Pocket Survey\pocketSurvey_backend\src\app.ts:39:14)
    at Object.<anonymous> (D:\Pocket Survey\pocketSurvey_backend\src\server.ts:14:5)
    at Module._compile (node:internal/modules/cjs/loader:1364:14)
    at Module.m._compile (D:\Pocket Survey\pocketSurvey_backend\node_modules\ts-node\src\index.ts:1371:23)
    at Module._extensions..js (node:internal/modules/cjs/loader:1422:10)
    at Object.require.extensions.<computed> [as .ts] (D:\Pocket Survey\pocketSurvey_backend\node_modules\ts-node\src\index.ts:1374:12)
2024-07-07 23:04:28 error: [POST] /changePassword >> StatusCode:: 400, Message:: property email should not exist
2024-07-07 23:05:23 error: [POST] /changePassword >> StatusCode:: 401, Message:: Wrong Jwt authentication token
2024-07-07 23:13:11 error: [POST] /resetPassword >> StatusCode:: 400, Message:: property data should not exist, password must be an email,password should not be empty, confirmPassword must be an email,confirmPassword should not be empty
2024-07-07 23:17:03 error: [POST] /resetPassword >> StatusCode:: 400, Message:: property data should not exist, password must be an email,password should not be empty, confirmPassword must be an email,confirmPassword should not be empty
2024-07-07 23:18:44 error: [POST] /resetPassword >> StatusCode:: 400, Message:: password must be an email, confirmPassword must be an email
2024-07-07 23:19:28 error: uncaughtException: listen EADDRINUSE: address already in use :::3000
Error: listen EADDRINUSE: address already in use :::3000
    at Server.setupListenHandle [as _listen2] (node:net:1817:16)
    at listenInCluster (node:net:1865:12)
    at Server.listen (node:net:1953:7)
    at Function.listen (D:\Pocket Survey\pocketSurvey_backend\node_modules\express\lib\application.js:635:24)
    at App.listen (D:\Pocket Survey\pocketSurvey_backend\src\app.ts:39:14)
    at Object.<anonymous> (D:\Pocket Survey\pocketSurvey_backend\src\server.ts:14:5)
    at Module._compile (node:internal/modules/cjs/loader:1364:14)
    at Module.m._compile (D:\Pocket Survey\pocketSurvey_backend\node_modules\ts-node\src\index.ts:1371:23)
    at Module._extensions..js (node:internal/modules/cjs/loader:1422:10)
    at Object.require.extensions.<computed> [as .ts] (D:\Pocket Survey\pocketSurvey_backend\node_modules\ts-node\src\index.ts:1374:12)
2024-07-07 23:20:01 error: uncaughtException: listen EADDRINUSE: address already in use :::3000
Error: listen EADDRINUSE: address already in use :::3000
    at Server.setupListenHandle [as _listen2] (node:net:1817:16)
    at listenInCluster (node:net:1865:12)
    at Server.listen (node:net:1953:7)
    at Function.listen (D:\Pocket Survey\pocketSurvey_backend\node_modules\express\lib\application.js:635:24)
    at App.listen (D:\Pocket Survey\pocketSurvey_backend\src\app.ts:39:14)
    at Object.<anonymous> (D:\Pocket Survey\pocketSurvey_backend\src\server.ts:14:5)
    at Module._compile (node:internal/modules/cjs/loader:1364:14)
    at Module.m._compile (D:\Pocket Survey\pocketSurvey_backend\node_modules\ts-node\src\index.ts:1371:23)
    at Module._extensions..js (node:internal/modules/cjs/loader:1422:10)
    at Object.require.extensions.<computed> [as .ts] (D:\Pocket Survey\pocketSurvey_backend\node_modules\ts-node\src\index.ts:1374:12)
2024-07-07 23:20:41 error: uncaughtException: listen EADDRINUSE: address already in use :::3000
Error: listen EADDRINUSE: address already in use :::3000
    at Server.setupListenHandle [as _listen2] (node:net:1817:16)
    at listenInCluster (node:net:1865:12)
    at Server.listen (node:net:1953:7)
    at Function.listen (D:\Pocket Survey\pocketSurvey_backend\node_modules\express\lib\application.js:635:24)
    at App.listen (D:\Pocket Survey\pocketSurvey_backend\src\app.ts:39:14)
    at Object.<anonymous> (D:\Pocket Survey\pocketSurvey_backend\src\server.ts:14:5)
    at Module._compile (node:internal/modules/cjs/loader:1364:14)
    at Module.m._compile (D:\Pocket Survey\pocketSurvey_backend\node_modules\ts-node\src\index.ts:1371:23)
    at Module._extensions..js (node:internal/modules/cjs/loader:1422:10)
    at Object.require.extensions.<computed> [as .ts] (D:\Pocket Survey\pocketSurvey_backend\node_modules\ts-node\src\index.ts:1374:12)
2024-07-07 23:20:46 error: [POST] /resetPassword >> StatusCode:: 401, Message:: Wrong Jwt authentication token
2024-07-07 23:21:22 error: [POST] /resetPassword >> StatusCode:: 401, Message:: Wrong Jwt authentication token
2024-07-07 23:25:56 error: [POST] /resetPassword >> StatusCode:: 401, Message:: Wrong Jwt authentication token
2024-07-07 23:27:32 error: [POST] /resetPassword >> StatusCode:: 401, Message:: Wrong Jwt authentication token
2024-07-07 23:32:44 error: [POST] /resetPassword >> StatusCode:: 401, Message:: Wrong Jwt authentication token
2024-07-07 23:33:42 error: [POST] /resetPassword >> StatusCode:: 401, Message:: Wrong Jwt authentication token
2024-07-07 23:34:28 error: [POST] /resetPassword >> StatusCode:: 401, Message:: Wrong Jwt authentication token
