2024-07-05 01:36:05 info: =================================
2024-07-05 01:36:05 info: ======= ENV: development =======
2024-07-05 01:36:05 info: 🚀 App listening on the port 3000
2024-07-05 01:36:05 info: =================================
2024-07-05 01:36:47 info: =================================
2024-07-05 01:36:47 info: ======= ENV: development =======
2024-07-05 01:36:47 info: 🚀 App listening on the port 3000
2024-07-05 01:36:47 info: =================================
2024-07-05 01:37:57 error: [POST] /login >> StatusCode:: 409, Message:: Email bajwab4u@gmail.com not found
2024-07-05 01:37:57 info: [0mPOST /login [33m409[0m 104.074 ms - 48[0m
2024-07-05 01:39:45 info: =================================
2024-07-05 01:39:45 info: ======= ENV: development =======
2024-07-05 01:39:45 info: 🚀 App listening on the port 3000
2024-07-05 01:39:45 info: =================================
2024-07-05 01:45:24 info: =================================
2024-07-05 01:45:24 info: ======= ENV: development =======
2024-07-05 01:45:24 info: 🚀 App listening on the port 3000
2024-07-05 01:45:24 info: =================================
2024-07-05 01:46:45 info: =================================
2024-07-05 01:46:45 info: ======= ENV: development =======
2024-07-05 01:46:45 info: 🚀 App listening on the port 3000
2024-07-05 01:46:45 info: =================================
2024-07-05 01:48:19 info: =================================
2024-07-05 01:48:19 info: ======= ENV: development =======
2024-07-05 01:48:19 info: 🚀 App listening on the port 3000
2024-07-05 01:48:19 info: =================================
2024-07-05 01:48:27 error: [POST] /login >> StatusCode:: 409, Message:: {"status":{"result":"Failure","message":"Email bajwab4u@gmail.com not found","tokenExpired":false},"data":{},"pagination":{}}
2024-07-05 01:48:27 info: [0mPOST /login [33m409[0m 151.544 ms - 155[0m
2024-07-05 01:48:44 info: =================================
2024-07-05 01:48:44 info: ======= ENV: development =======
2024-07-05 01:48:44 info: 🚀 App listening on the port 3000
2024-07-05 01:48:44 info: =================================
2024-07-05 01:48:46 error: [POST] /login >> StatusCode:: 409, Message:: {"status":{"result":"Failure","message":"Email bajwab4u@gmail.com not found","tokenExpired":false},"data":{},"pagination":{}}
2024-07-05 01:48:46 info: [0mPOST /login [33m409[0m 83.349 ms - 155[0m
2024-07-05 01:49:58 info: =================================
2024-07-05 01:49:58 info: ======= ENV: development =======
2024-07-05 01:49:58 info: 🚀 App listening on the port 3000
2024-07-05 01:49:58 info: =================================
2024-07-05 01:58:56 info: =================================
2024-07-05 01:58:56 info: ======= ENV: development =======
2024-07-05 01:58:56 info: 🚀 App listening on the port 3000
2024-07-05 01:58:56 info: =================================
2024-07-05 01:58:57 error: [POST] /login >> StatusCode:: 500, Message:: Cannot set properties of undefined (setting 'message')
2024-07-05 01:58:57 info: [0mPOST /login [31m500[0m 76.356 ms - 68[0m
2024-07-05 01:59:03 error: [POST] /login >> StatusCode:: 500, Message:: Cannot set properties of undefined (setting 'message')
2024-07-05 01:59:03 info: [0mPOST /login [31m500[0m 13.800 ms - 68[0m
2024-07-05 01:59:10 info: =================================
2024-07-05 01:59:10 info: ======= ENV: development =======
2024-07-05 01:59:10 info: 🚀 App listening on the port 3000
2024-07-05 01:59:10 info: =================================
2024-07-05 02:00:21 info: =================================
2024-07-05 02:00:21 info: ======= ENV: development =======
2024-07-05 02:00:21 info: 🚀 App listening on the port 3000
2024-07-05 02:00:21 info: =================================
2024-07-05 02:00:27 error: [POST] /login >> StatusCode:: 500, Message:: Cannot set properties of undefined (setting 'message')
2024-07-05 02:00:27 info: [0mPOST /login [31m500[0m 44.580 ms - 68[0m
2024-07-05 02:00:29 error: [POST] /login >> StatusCode:: 500, Message:: Cannot set properties of undefined (setting 'message')
2024-07-05 02:00:29 info: [0mPOST /login [31m500[0m 10.177 ms - 68[0m
2024-07-05 02:02:16 info: =================================
2024-07-05 02:02:16 info: ======= ENV: development =======
2024-07-05 02:02:16 info: 🚀 App listening on the port 3000
2024-07-05 02:02:16 info: =================================
2024-07-05 02:02:16 error: [POST] /login >> StatusCode:: 500, Message:: Cannot set properties of undefined (setting 'result')
2024-07-05 02:02:16 info: [0mPOST /login [31m500[0m 82.511 ms - 67[0m
2024-07-05 02:03:15 info: =================================
2024-07-05 02:03:15 info: ======= ENV: development =======
2024-07-05 02:03:15 info: 🚀 App listening on the port 3000
2024-07-05 02:03:15 info: =================================
2024-07-05 02:03:15 error: [POST] /login >> StatusCode:: 409, Message:: {"status":{"result":"Failure","message":"Email bajwab4u@gmail.com not found","tokenExpired":false},"data":{},"pagination":{}}
2024-07-05 02:03:15 info: [0mPOST /login [33m409[0m 79.244 ms - 155[0m
2024-07-05 02:03:20 error: [POST] /login >> StatusCode:: 409, Message:: {"status":{"result":"Failure","message":"Email bajwab4u@gmail.com not found","tokenExpired":false},"data":{},"pagination":{}}
2024-07-05 02:03:20 info: [0mPOST /login [33m409[0m 13.187 ms - 155[0m
2024-07-05 02:03:43 info: =================================
2024-07-05 02:03:43 info: ======= ENV: development =======
2024-07-05 02:03:43 info: 🚀 App listening on the port 3000
2024-07-05 02:03:43 info: =================================
2024-07-05 02:04:31 info: =================================
2024-07-05 02:04:31 info: ======= ENV: development =======
2024-07-05 02:04:31 info: 🚀 App listening on the port 3000
2024-07-05 02:04:31 info: =================================
2024-07-05 02:04:32 error: [POST] /login >> StatusCode:: 409, Message:: Email bajwab4u@gmail.com not found
2024-07-05 02:04:32 info: [0mPOST /login [33m409[0m 54.564 ms - 48[0m
2024-07-05 02:04:34 error: [POST] /login >> StatusCode:: 409, Message:: Email bajwab4u@gmail.com not found
2024-07-05 02:04:34 info: [0mPOST /login [33m409[0m 9.992 ms - 48[0m
2024-07-05 02:04:45 info: =================================
2024-07-05 02:04:45 info: ======= ENV: development =======
2024-07-05 02:04:45 info: 🚀 App listening on the port 3000
2024-07-05 02:04:45 info: =================================
2024-07-05 02:04:45 error: [POST] /login >> StatusCode:: 409, Message:: Email bajwab4u@gmail.com not found
2024-07-05 02:04:45 info: [0mPOST /login [33m409[0m 49.675 ms - 48[0m
2024-07-05 02:05:03 info: =================================
2024-07-05 02:05:03 info: ======= ENV: development =======
2024-07-05 02:05:03 info: 🚀 App listening on the port 3000
2024-07-05 02:05:03 info: =================================
2024-07-05 02:05:04 error: [POST] /login >> StatusCode:: 409, Message:: Email bajwab4u@gmail.com not found
2024-07-05 02:05:04 info: [0mPOST /login [33m409[0m 51.163 ms - 48[0m
2024-07-05 02:05:06 error: [POST] /login >> StatusCode:: 409, Message:: Email bajwab4u@gmail.com not found
2024-07-05 02:05:06 info: [0mPOST /login [33m409[0m 8.082 ms - 48[0m
2024-07-05 02:06:35 info: =================================
2024-07-05 02:06:35 info: ======= ENV: development =======
2024-07-05 02:06:35 info: 🚀 App listening on the port 3000
2024-07-05 02:06:35 info: =================================
2024-07-05 02:06:38 error: [POST] /login >> StatusCode:: 500, Message:: Email bajwab4u@gmail.com not found
2024-07-05 02:06:38 info: [0mPOST /login [31m500[0m 45.349 ms - 48[0m
2024-07-05 02:06:39 error: [POST] /login >> StatusCode:: 500, Message:: Email bajwab4u@gmail.com not found
2024-07-05 02:06:39 info: [0mPOST /login [31m500[0m 9.250 ms - 48[0m
2024-07-05 02:06:48 info: =================================
2024-07-05 02:06:48 info: ======= ENV: development =======
2024-07-05 02:06:48 info: 🚀 App listening on the port 3000
2024-07-05 02:06:48 info: =================================
2024-07-05 02:06:49 error: [POST] /login >> StatusCode:: 409, Message:: Email bajwab4u@gmail.com not found
2024-07-05 02:06:49 info: [0mPOST /login [33m409[0m 47.661 ms - 48[0m
2024-07-05 02:07:33 info: =================================
2024-07-05 02:07:33 info: ======= ENV: development =======
2024-07-05 02:07:33 info: 🚀 App listening on the port 3000
2024-07-05 02:07:33 info: =================================
2024-07-05 02:08:26 info: =================================
2024-07-05 02:08:26 info: ======= ENV: development =======
2024-07-05 02:08:26 info: 🚀 App listening on the port 3000
2024-07-05 02:08:26 info: =================================
2024-07-05 02:08:42 info: =================================
2024-07-05 02:08:42 info: ======= ENV: development =======
2024-07-05 02:08:42 info: 🚀 App listening on the port 3000
2024-07-05 02:08:42 info: =================================
2024-07-05 02:13:05 info: =================================
2024-07-05 02:13:05 info: ======= ENV: development =======
2024-07-05 02:13:05 info: 🚀 App listening on the port 3000
2024-07-05 02:13:05 info: =================================
2024-07-05 02:14:59 info: =================================
2024-07-05 02:14:59 info: ======= ENV: development =======
2024-07-05 02:14:59 info: 🚀 App listening on the port 3000
2024-07-05 02:14:59 info: =================================
2024-07-05 02:18:26 info: =================================
2024-07-05 02:18:26 info: ======= ENV: development =======
2024-07-05 02:18:26 info: 🚀 App listening on the port 3000
2024-07-05 02:18:26 info: =================================
2024-07-05 02:18:27 error: [POST] /login >> StatusCode:: 409, Message:: Email bajwab4u@gmail.com not found
2024-07-05 02:18:27 info: [0mPOST /login [33m409[0m 123.467 ms - 48[0m
2024-07-05 02:18:30 error: [POST] /login >> StatusCode:: 409, Message:: Email bajwab4u@gmail.com not found
2024-07-05 02:18:30 info: [0mPOST /login [33m409[0m 15.687 ms - 48[0m
2024-07-05 02:18:58 info: =================================
2024-07-05 02:18:58 info: ======= ENV: development =======
2024-07-05 02:18:58 info: 🚀 App listening on the port 3000
2024-07-05 02:18:58 info: =================================
2024-07-05 02:18:59 error: [POST] /login >> StatusCode:: 409, Message:: Something went wrong
2024-07-05 02:18:59 info: [0mPOST /login [33m409[0m 105.627 ms - 34[0m
2024-07-05 02:19:55 info: =================================
2024-07-05 02:19:55 info: ======= ENV: development =======
2024-07-05 02:19:55 info: 🚀 App listening on the port 3000
2024-07-05 02:19:55 info: =================================
2024-07-05 02:21:17 info: =================================
2024-07-05 02:21:18 info: ======= ENV: development =======
2024-07-05 02:21:18 info: 🚀 App listening on the port 3000
2024-07-05 02:21:18 info: =================================
2024-07-05 02:21:54 info: =================================
2024-07-05 02:21:54 info: ======= ENV: development =======
2024-07-05 02:21:54 info: 🚀 App listening on the port 3000
2024-07-05 02:21:54 info: =================================
2024-07-05 02:21:55 error: [POST] /login >> StatusCode:: 409, Message:: Email bajwab4u@gmail.com not found
2024-07-05 02:21:55 info: [0mPOST /login [33m409[0m 139.899 ms - 48[0m
2024-07-05 02:21:58 error: [POST] /login >> StatusCode:: 409, Message:: Email bajwab4u@gmail.com not found
2024-07-05 02:21:58 info: [0mPOST /login [33m409[0m 17.786 ms - 48[0m
2024-07-05 02:23:10 info: =================================
2024-07-05 02:23:10 info: ======= ENV: development =======
2024-07-05 02:23:10 info: 🚀 App listening on the port 3000
2024-07-05 02:23:10 info: =================================
2024-07-05 02:23:11 error: [POST] /login >> StatusCode:: 409, Message:: Email bajwab4u@gmail.com not found
2024-07-05 02:23:11 info: [0mPOST /login [33m409[0m 46.297 ms - 48[0m
2024-07-05 02:23:12 error: [POST] /login >> StatusCode:: 409, Message:: Email bajwab4u@gmail.com not found
2024-07-05 02:23:12 info: [0mPOST /login [33m409[0m 8.923 ms - 48[0m
2024-07-05 02:23:14 error: [POST] /login >> StatusCode:: 409, Message:: Email bajwab4u@gmail.com not found
2024-07-05 02:23:14 info: [0mPOST /login [33m409[0m 4.475 ms - 48[0m
2024-07-05 02:23:20 info: =================================
2024-07-05 02:23:20 info: ======= ENV: development =======
2024-07-05 02:23:20 info: 🚀 App listening on the port 3000
2024-07-05 02:23:20 info: =================================
2024-07-05 02:23:28 info: =================================
2024-07-05 02:23:28 info: ======= ENV: development =======
2024-07-05 02:23:28 info: 🚀 App listening on the port 3000
2024-07-05 02:23:28 info: =================================
2024-07-05 02:23:30 error: [POST] /login >> StatusCode:: 409, Message:: Email bajwab4u@gmail.com snot found
2024-07-05 02:23:30 info: [0mPOST /login [33m409[0m 43.955 ms - 49[0m
2024-07-05 02:23:46 info: =================================
2024-07-05 02:23:46 info: ======= ENV: development =======
2024-07-05 02:23:46 info: 🚀 App listening on the port 3000
2024-07-05 02:23:46 info: =================================
2024-07-05 02:25:34 info: =================================
2024-07-05 02:25:34 info: ======= ENV: development =======
2024-07-05 02:25:34 info: 🚀 App listening on the port 3000
2024-07-05 02:25:34 info: =================================
2024-07-05 02:25:39 info: =================================
2024-07-05 02:25:39 info: ======= ENV: development =======
2024-07-05 02:25:39 info: 🚀 App listening on the port 3000
2024-07-05 02:25:39 info: =================================
2024-07-05 02:25:39 error: [POST] /login >> StatusCode:: 400, Message:: Not Valid User Data
2024-07-05 02:25:39 info: [0mPOST /login [33m400[0m 66.260 ms - 33[0m
2024-07-05 02:25:41 error: [POST] /login >> StatusCode:: 400, Message:: Not Valid User Data
2024-07-05 02:25:41 info: [0mPOST /login [33m400[0m 6.193 ms - 33[0m
2024-07-05 02:25:57 info: =================================
2024-07-05 02:25:57 info: ======= ENV: development =======
2024-07-05 02:25:57 info: 🚀 App listening on the port 3000
2024-07-05 02:25:57 info: =================================
2024-07-05 02:26:13 info: =================================
2024-07-05 02:26:13 info: ======= ENV: development =======
2024-07-05 02:26:13 info: 🚀 App listening on the port 3000
2024-07-05 02:26:13 info: =================================
2024-07-05 02:28:46 info: =================================
2024-07-05 02:28:46 info: ======= ENV: development =======
2024-07-05 02:28:46 info: 🚀 App listening on the port 3000
2024-07-05 02:28:46 info: =================================
2024-07-05 02:29:38 info: =================================
2024-07-05 02:29:38 info: ======= ENV: development =======
2024-07-05 02:29:38 info: 🚀 App listening on the port 3000
2024-07-05 02:29:38 info: =================================
2024-07-05 02:32:12 info: =================================
2024-07-05 02:32:12 info: ======= ENV: development =======
2024-07-05 02:32:12 info: 🚀 App listening on the port 3000
2024-07-05 02:32:12 info: =================================
2024-07-05 02:35:16 info: =================================
2024-07-05 02:35:16 info: ======= ENV: development =======
2024-07-05 02:35:16 info: 🚀 App listening on the port 3000
2024-07-05 02:35:16 info: =================================
2024-07-05 02:36:02 error: [POST] /login >> StatusCode:: 409, Message:: Incorrect Password
2024-07-05 02:36:02 info: [0mPOST /login [33m409[0m 83.331 ms - 32[0m
2024-07-05 02:36:16 info: [0mPOST /login [32m200[0m 3426.431 ms - 146[0m
2024-07-05 02:39:07 info: =================================
2024-07-05 02:39:07 info: ======= ENV: development =======
2024-07-05 02:39:07 info: 🚀 App listening on the port 3000
2024-07-05 02:39:07 info: =================================
2024-07-05 02:39:20 info: =================================
2024-07-05 02:39:20 info: ======= ENV: development =======
2024-07-05 02:39:20 info: 🚀 App listening on the port 3000
2024-07-05 02:39:20 info: =================================
2024-07-05 02:39:34 info: [0mPOST /login [32m200[0m 3386.955 ms - 171[0m
2024-07-05 02:41:32 info: =================================
2024-07-05 02:41:32 info: ======= ENV: development =======
2024-07-05 02:41:32 info: 🚀 App listening on the port 3000
2024-07-05 02:41:32 info: =================================
2024-07-05 02:47:22 info: =================================
2024-07-05 02:47:22 info: ======= ENV: development =======
2024-07-05 02:47:22 info: 🚀 App listening on the port 3000
2024-07-05 02:47:22 info: =================================
2024-07-05 02:49:54 info: =================================
2024-07-05 02:49:54 info: ======= ENV: development =======
2024-07-05 02:49:54 info: 🚀 App listening on the port 3000
2024-07-05 02:49:54 info: =================================
2024-07-05 02:50:30 info: =================================
2024-07-05 02:50:30 info: ======= ENV: development =======
2024-07-05 02:50:30 info: 🚀 App listening on the port 3000
2024-07-05 02:50:30 info: =================================
2024-07-05 02:50:32 error: [POST] /login >> StatusCode:: 409, Message:: Incorrect Password
2024-07-05 02:50:32 info: [0mPOST /login [33m409[0m 133.520 ms - 32[0m
2024-07-05 02:50:41 error: [POST] /login >> StatusCode:: 409, Message:: Email bajwabs4u@gmail.com not found
2024-07-05 02:50:41 info: [0mPOST /login [33m409[0m 14.626 ms - 49[0m
2024-07-05 02:51:21 info: =================================
2024-07-05 02:51:21 info: ======= ENV: development =======
2024-07-05 02:51:21 info: 🚀 App listening on the port 3000
2024-07-05 02:51:21 info: =================================
2024-07-05 03:00:18 info: =================================
2024-07-05 03:00:18 info: ======= ENV: development =======
2024-07-05 03:00:18 info: 🚀 App listening on the port 3000
2024-07-05 03:00:18 info: =================================
2024-07-05 03:00:20 error: [POST] /login >> StatusCode:: 409, Message:: Email bajwabs4u@gmail.com not found
2024-07-05 03:00:20 info: [0mPOST /login [33m409[0m 87.726 ms - 49[0m
2024-07-05 03:00:22 error: [POST] /login >> StatusCode:: 409, Message:: Email bajwabs4u@gmail.com not found
2024-07-05 03:00:22 info: [0mPOST /login [33m409[0m 15.177 ms - 49[0m
2024-07-05 03:00:34 info: =================================
2024-07-05 03:00:34 info: ======= ENV: development =======
2024-07-05 03:00:34 info: 🚀 App listening on the port 3000
2024-07-05 03:00:34 info: =================================
2024-07-05 03:01:01 info: =================================
2024-07-05 03:01:01 info: ======= ENV: development =======
2024-07-05 03:01:01 info: 🚀 App listening on the port 3000
2024-07-05 03:01:01 info: =================================
2024-07-05 03:01:03 error: [POST] /login >> StatusCode:: 500, Message:: Cannot read properties of undefined (reading 'password')
2024-07-05 03:01:03 info: [0mPOST /login [31m500[0m 79.139 ms - 70[0m
2024-07-05 03:01:06 error: [POST] /login >> StatusCode:: 500, Message:: Cannot read properties of undefined (reading 'password')
2024-07-05 03:01:06 info: [0mPOST /login [31m500[0m 22.008 ms - 70[0m
2024-07-05 03:01:28 info: =================================
2024-07-05 03:01:28 info: ======= ENV: development =======
2024-07-05 03:01:28 info: 🚀 App listening on the port 3000
2024-07-05 03:01:28 info: =================================
2024-07-05 03:01:48 info: =================================
2024-07-05 03:01:48 info: ======= ENV: development =======
2024-07-05 03:01:48 info: 🚀 App listening on the port 3000
2024-07-05 03:01:48 info: =================================
2024-07-05 03:01:48 error: [POST] /login >> StatusCode:: 500, Message:: No repository for "UserEntity" was found. Looks like this entity is not registered in current "default" connection?
2024-07-05 03:01:48 info: [0mPOST /login [31m500[0m 69.159 ms - 133[0m
2024-07-05 03:02:09 info: =================================
2024-07-05 03:02:09 info: ======= ENV: development =======
2024-07-05 03:02:09 info: 🚀 App listening on the port 3000
2024-07-05 03:02:09 info: =================================
2024-07-05 03:02:09 error: [POST] /login >> StatusCode:: 500, Message:: No repository for "UserEntity" was found. Looks like this entity is not registered in current "default" connection?
2024-07-05 03:02:09 info: [0mPOST /login [31m500[0m 81.621 ms - 133[0m
2024-07-05 03:02:32 info: =================================
2024-07-05 03:02:32 info: ======= ENV: development =======
2024-07-05 03:02:32 info: 🚀 App listening on the port 3000
2024-07-05 03:02:32 info: =================================
2024-07-05 03:02:36 error: [POST] /login >> StatusCode:: 409, Message:: Email bajwabs4u@gmail.com not found
2024-07-05 03:02:36 info: [0mPOST /login [33m409[0m 78.057 ms - 49[0m
2024-07-05 03:03:14 info: =================================
2024-07-05 03:03:14 info: ======= ENV: development =======
2024-07-05 03:03:14 info: 🚀 App listening on the port 3000
2024-07-05 03:03:14 info: =================================
2024-07-05 03:03:24 info: =================================
2024-07-05 03:03:24 info: ======= ENV: development =======
2024-07-05 03:03:24 info: 🚀 App listening on the port 3000
2024-07-05 03:03:24 info: =================================
2024-07-05 03:03:28 info: =================================
2024-07-05 03:03:28 info: ======= ENV: development =======
2024-07-05 03:03:28 info: 🚀 App listening on the port 3000
2024-07-05 03:03:28 info: =================================
2024-07-05 03:03:32 error: [POST] /login >> StatusCode:: 409, Message:: Email bajwabs4u@gmail.com not found
2024-07-05 03:03:32 info: [0mPOST /login [33m409[0m 55.392 ms - 49[0m
2024-07-05 03:03:33 error: [POST] /login >> StatusCode:: 409, Message:: Email bajwabs4u@gmail.com not found
2024-07-05 03:03:33 info: [0mPOST /login [33m409[0m 10.417 ms - 49[0m
2024-07-05 03:03:47 info: =================================
2024-07-05 03:03:47 info: ======= ENV: development =======
2024-07-05 03:03:47 info: 🚀 App listening on the port 3000
2024-07-05 03:03:47 info: =================================
2024-07-05 03:04:03 info: =================================
2024-07-05 03:04:03 info: ======= ENV: development =======
2024-07-05 03:04:03 info: 🚀 App listening on the port 3000
2024-07-05 03:04:03 info: =================================
2024-07-05 03:12:49 info: =================================
2024-07-05 03:12:49 info: ======= ENV: development =======
2024-07-05 03:12:49 info: 🚀 App listening on the port 3000
2024-07-05 03:12:49 info: =================================
2024-07-05 03:14:18 info: =================================
2024-07-05 03:14:18 info: ======= ENV: development =======
2024-07-05 03:14:18 info: 🚀 App listening on the port 3000
2024-07-05 03:14:18 info: =================================
2024-07-05 03:14:21 error: [POST] /login >> StatusCode:: 500, Message:: Email bajwabs4u@gmail.com not found.
2024-07-05 03:14:21 info: [0mPOST /login [31m500[0m 157.104 ms - 127[0m
2024-07-05 03:15:48 info: =================================
2024-07-05 03:15:48 info: ======= ENV: development =======
2024-07-05 03:15:48 info: 🚀 App listening on the port 3000
2024-07-05 03:15:48 info: =================================
2024-07-05 03:16:30 info: =================================
2024-07-05 03:16:30 info: ======= ENV: development =======
2024-07-05 03:16:30 info: 🚀 App listening on the port 3000
2024-07-05 03:16:30 info: =================================
2024-07-05 03:16:36 error: [POST] /login >> StatusCode:: 500, Message:: Incorrect Email or Password.
2024-07-05 03:16:36 info: [0mPOST /login [31m500[0m 62.628 ms - 119[0m
2024-07-05 03:17:13 info: =================================
2024-07-05 03:17:13 info: ======= ENV: development =======
2024-07-05 03:17:13 info: 🚀 App listening on the port 3000
2024-07-05 03:17:13 info: =================================
2024-07-05 03:17:27 info: [0mPOST /login [32m200[0m 3684.207 ms - 171[0m
2024-07-05 03:17:42 error: [POST] /login >> StatusCode:: 500, Message:: Email bajwab4u@gmail.coma not found.
2024-07-05 03:17:42 info: [0mPOST /login [31m500[0m 12.958 ms - 127[0m
2024-07-05 03:18:26 info: =================================
2024-07-05 03:18:26 info: ======= ENV: development =======
2024-07-05 03:18:26 info: 🚀 App listening on the port 3000
2024-07-05 03:18:26 info: =================================
2024-07-05 03:18:30 error: [POST] /login >> StatusCode:: 500, Message:: Email bajwab4u@gmail.coma not found.
2024-07-05 03:18:30 info: [0mPOST /login [31m500[0m 52.458 ms - 152[0m
2024-07-05 03:23:17 info: =================================
2024-07-05 03:23:17 info: ======= ENV: development =======
2024-07-05 03:23:17 info: 🚀 App listening on the port 3000
2024-07-05 03:23:17 info: =================================
2024-07-05 03:24:15 info: =================================
2024-07-05 03:24:15 info: ======= ENV: development =======
2024-07-05 03:24:15 info: 🚀 App listening on the port 3000
2024-07-05 03:24:15 info: =================================
2024-07-05 03:24:31 info: =================================
2024-07-05 03:24:31 info: ======= ENV: development =======
2024-07-05 03:24:31 info: 🚀 App listening on the port 3000
2024-07-05 03:24:31 info: =================================
2024-07-05 03:24:59 info: =================================
2024-07-05 03:24:59 info: ======= ENV: development =======
2024-07-05 03:24:59 info: 🚀 App listening on the port 3000
2024-07-05 03:24:59 info: =================================
2024-07-05 03:25:31 info: =================================
2024-07-05 03:25:31 info: ======= ENV: development =======
2024-07-05 03:25:31 info: 🚀 App listening on the port 3000
2024-07-05 03:25:31 info: =================================
2024-07-05 03:26:17 info: =================================
2024-07-05 03:26:17 info: ======= ENV: development =======
2024-07-05 03:26:18 info: 🚀 App listening on the port 3000
2024-07-05 03:26:18 info: =================================
2024-07-05 03:26:34 info: =================================
2024-07-05 03:26:34 info: ======= ENV: development =======
2024-07-05 03:26:34 info: 🚀 App listening on the port 3000
2024-07-05 03:26:34 info: =================================
2024-07-05 03:26:50 info: =================================
2024-07-05 03:26:50 info: ======= ENV: development =======
2024-07-05 03:26:50 info: 🚀 App listening on the port 3000
2024-07-05 03:26:50 info: =================================
2024-07-05 03:26:56 info: =================================
2024-07-05 03:26:56 info: ======= ENV: development =======
2024-07-05 03:26:56 info: 🚀 App listening on the port 3000
2024-07-05 03:26:56 info: =================================
2024-07-05 03:27:14 info: =================================
2024-07-05 03:27:14 info: ======= ENV: development =======
2024-07-05 03:27:14 info: 🚀 App listening on the port 3000
2024-07-05 03:27:14 info: =================================
2024-07-05 03:27:41 info: =================================
2024-07-05 03:27:41 info: ======= ENV: development =======
2024-07-05 03:27:41 info: 🚀 App listening on the port 3000
2024-07-05 03:27:41 info: =================================
2024-07-05 03:27:50 info: =================================
2024-07-05 03:27:50 info: ======= ENV: development =======
2024-07-05 03:27:50 info: 🚀 App listening on the port 3000
2024-07-05 03:27:50 info: =================================
2024-07-05 03:28:31 error: [POST] /verifyOtp >> StatusCode:: 409, Message:: Incorrect OTP
2024-07-05 03:28:31 info: [0mPOST /verifyOtp [33m409[0m 48.104 ms - 27[0m
2024-07-05 03:28:42 info: [0mPOST /verifyOtp [32m200[0m 66.109 ms - 306[0m
2024-07-05 03:29:46 info: =================================
2024-07-05 03:29:46 info: ======= ENV: development =======
2024-07-05 03:29:46 info: 🚀 App listening on the port 3000
2024-07-05 03:29:46 info: =================================
2024-07-05 03:40:07 info: =================================
2024-07-05 03:40:07 info: ======= ENV: development =======
2024-07-05 03:40:07 info: 🚀 App listening on the port 3000
2024-07-05 03:40:07 info: =================================
2024-07-05 03:42:14 info: =================================
2024-07-05 03:42:14 info: ======= ENV: development =======
2024-07-05 03:42:14 info: 🚀 App listening on the port 3000
2024-07-05 03:42:14 info: =================================
2024-07-05 03:44:34 info: =================================
2024-07-05 03:44:34 info: ======= ENV: development =======
2024-07-05 03:44:34 info: 🚀 App listening on the port 3000
2024-07-05 03:44:34 info: =================================
2024-07-05 03:45:13 info: =================================
2024-07-05 03:45:13 info: ======= ENV: development =======
2024-07-05 03:45:13 info: 🚀 App listening on the port 3000
2024-07-05 03:45:13 info: =================================
2024-07-05 03:53:59 info: =================================
2024-07-05 03:53:59 info: ======= ENV: development =======
2024-07-05 03:53:59 info: 🚀 App listening on the port 3000
2024-07-05 03:53:59 info: =================================
2024-07-05 03:54:37 error: [POST] /organizationSignup >> StatusCode:: 400, Message:: email must be an email,email should not be empty, name should not be empty, jobTitle should not be empty, password should not be empty, confirmPassword should not be empty, webAddress should not be empty
2024-07-05 03:54:37 info: [0mPOST /organizationSignup [33m400[0m 67.676 ms - 217[0m
2024-07-05 03:57:48 info: =================================
2024-07-05 03:57:48 info: ======= ENV: development =======
2024-07-05 03:57:48 info: 🚀 App listening on the port 3000
2024-07-05 03:57:48 info: =================================
2024-07-05 03:58:56 info: =================================
2024-07-05 03:58:56 info: ======= ENV: development =======
2024-07-05 03:58:56 info: 🚀 App listening on the port 3000
2024-07-05 03:58:56 info: =================================
2024-07-05 04:01:43 info: =================================
2024-07-05 04:01:43 info: ======= ENV: development =======
2024-07-05 04:01:43 info: 🚀 App listening on the port 3000
2024-07-05 04:01:43 info: =================================
2024-07-05 04:01:50 info: =================================
2024-07-05 04:01:50 info: ======= ENV: development =======
2024-07-05 04:01:50 info: 🚀 App listening on the port 3000
2024-07-05 04:01:50 info: =================================
2024-07-05 04:02:54 info: =================================
2024-07-05 04:02:54 info: ======= ENV: development =======
2024-07-05 04:02:54 info: 🚀 App listening on the port 3000
2024-07-05 04:02:54 info: =================================
2024-07-05 04:05:49 info: =================================
2024-07-05 04:05:49 info: ======= ENV: development =======
2024-07-05 04:05:49 info: 🚀 App listening on the port 3000
2024-07-05 04:05:49 info: =================================
2024-07-05 04:06:03 info: =================================
2024-07-05 04:06:03 info: ======= ENV: development =======
2024-07-05 04:06:03 info: 🚀 App listening on the port 3000
2024-07-05 04:06:03 info: =================================
2024-07-05 04:06:16 info: =================================
2024-07-05 04:06:16 info: ======= ENV: development =======
2024-07-05 04:06:16 info: 🚀 App listening on the port 3000
2024-07-05 04:06:16 info: =================================
2024-07-05 04:06:53 info: =================================
2024-07-05 04:06:53 info: ======= ENV: development =======
2024-07-05 04:06:53 info: 🚀 App listening on the port 3000
2024-07-05 04:06:53 info: =================================
2024-07-05 04:09:07 info: =================================
2024-07-05 04:09:07 info: ======= ENV: development =======
2024-07-05 04:09:07 info: 🚀 App listening on the port 3000
2024-07-05 04:09:07 info: =================================
2024-07-05 04:09:12 info: =================================
2024-07-05 04:09:12 info: ======= ENV: development =======
2024-07-05 04:09:12 info: 🚀 App listening on the port 3000
2024-07-05 04:09:12 info: =================================
2024-07-05 04:09:51 info: =================================
2024-07-05 04:09:51 info: ======= ENV: development =======
2024-07-05 04:09:51 info: 🚀 App listening on the port 3000
2024-07-05 04:09:51 info: =================================
2024-07-05 04:12:04 info: =================================
2024-07-05 04:12:04 info: ======= ENV: development =======
2024-07-05 04:12:04 info: 🚀 App listening on the port 3000
2024-07-05 04:12:04 info: =================================
2024-07-05 04:12:30 info: =================================
2024-07-05 04:12:30 info: ======= ENV: development =======
2024-07-05 04:12:30 info: 🚀 App listening on the port 3000
2024-07-05 04:12:30 info: =================================
2024-07-05 04:12:37 info: =================================
2024-07-05 04:12:37 info: ======= ENV: development =======
2024-07-05 04:12:37 info: 🚀 App listening on the port 3000
2024-07-05 04:12:37 info: =================================
2024-07-05 04:13:08 info: =================================
2024-07-05 04:13:08 info: ======= ENV: development =======
2024-07-05 04:13:08 info: 🚀 App listening on the port 3000
2024-07-05 04:13:08 info: =================================
2024-07-05 04:13:57 info: =================================
2024-07-05 04:13:57 info: ======= ENV: development =======
2024-07-05 04:13:57 info: 🚀 App listening on the port 3000
2024-07-05 04:13:57 info: =================================
2024-07-05 04:14:53 info: =================================
2024-07-05 04:14:53 info: ======= ENV: development =======
2024-07-05 04:14:53 info: 🚀 App listening on the port 3000
2024-07-05 04:14:53 info: =================================
2024-07-05 04:15:16 error: [POST] /login >> StatusCode:: 500, Message:: Email bajwab4u@gmail.coma not found.
2024-07-05 04:15:16 info: [0mPOST /login [31m500[0m 79.050 ms - 152[0m
2024-07-05 04:15:36 info: =================================
2024-07-05 04:15:36 info: ======= ENV: development =======
2024-07-05 04:15:36 info: 🚀 App listening on the port 3000
2024-07-05 04:15:36 info: =================================
2024-07-05 04:16:01 info: =================================
2024-07-05 04:16:01 info: ======= ENV: development =======
2024-07-05 04:16:01 info: 🚀 App listening on the port 3000
2024-07-05 04:16:01 info: =================================
2024-07-05 04:16:24 info: [0mPOST /login [32m200[0m 3799.758 ms - 171[0m
2024-07-05 04:16:32 error: [POST] /login >> StatusCode:: 500, Message:: Incorrect Email or Password.
2024-07-05 04:16:32 info: [0mPOST /login [31m500[0m 11.100 ms - 144[0m
2024-07-05 04:16:46 error: [POST] /login >> StatusCode:: 500, Message:: Email bajwab4u@gmail.comi not found.
2024-07-05 04:16:47 info: [0mPOST /login [31m500[0m 5.749 ms - 152[0m
2024-07-05 04:16:56 error: [POST] /login >> StatusCode:: 500, Message:: Incorrect Email or Password.
2024-07-05 04:16:56 info: [0mPOST /login [31m500[0m 7.408 ms - 144[0m
2024-07-05 04:17:09 error: [POST] /verifyOtp >> StatusCode:: 500, Message:: Incorrect Otp.
2024-07-05 04:17:09 info: [0mPOST /verifyOtp [31m500[0m 5.636 ms - 130[0m
2024-07-05 04:17:27 info: [0mPOST /verifyOtp [32m200[0m 18.598 ms - 306[0m
2024-07-05 04:17:41 error: [POST] /verifyOtp >> StatusCode:: 500, Message:: Incorrect Otp.
2024-07-05 04:17:41 info: [0mPOST /verifyOtp [31m500[0m 5.837 ms - 130[0m
2024-07-05 04:17:50 info: [0mPOST /verifyOtp [32m200[0m 10.000 ms - 306[0m
2024-07-05 04:18:55 info: [0mPOST /resendOtp [32m200[0m 3233.988 ms - 171[0m
2024-07-05 04:19:55 error: [POST] /resendOtp >> StatusCode:: 500, Message:: Email bajwab4u@gmail.comj not found.
2024-07-05 04:19:55 info: [0mPOST /resendOtp [31m500[0m 6.590 ms - 152[0m
2024-07-05 04:20:25 info: [0mPOST /resetPassword [32m200[0m 3170.501 ms - 172[0m
2024-07-05 04:24:28 info: =================================
2024-07-05 04:24:28 info: ======= ENV: development =======
2024-07-05 04:24:28 info: 🚀 App listening on the port 3000
2024-07-05 04:24:28 info: =================================
2024-07-05 04:24:44 info: =================================
2024-07-05 04:24:44 info: ======= ENV: development =======
2024-07-05 04:24:44 info: 🚀 App listening on the port 3000
2024-07-05 04:24:44 info: =================================
2024-07-05 04:24:50 info: [0mPOST /resetPassword [32m200[0m 3473.454 ms - 172[0m
2024-07-05 04:25:08 error: [POST] /resetPassword >> StatusCode:: 500, Message:: Email bajwab4u@gmail.comi not found.
2024-07-05 04:25:08 info: [0mPOST /resetPassword [31m500[0m 13.131 ms - 152[0m
2024-07-05 04:25:24 info: [0mPOST /resetPassword [32m200[0m 3056.876 ms - 172[0m
2024-07-05 04:25:41 info: [0mPOST /signout [32m200[0m 10.315 ms - 155[0m
2024-07-05 04:25:48 error: [POST] /signout >> StatusCode:: 401, Message:: Wrong Jwt authentication token
2024-07-05 04:25:48 info: [0mPOST /signout [33m401[0m 4.590 ms - 44[0m
2024-07-05 04:26:10 error: [POST] /organizationSignup >> StatusCode:: 400, Message:: email must be an email,email should not be empty, name should not be empty, jobTitle should not be empty, password should not be empty, confirmPassword should not be empty, webAddress should not be empty
2024-07-05 04:26:10 info: [0mPOST /organizationSignup [33m400[0m 5.495 ms - 217[0m
2024-07-05 04:26:37 error: [POST] /organizationSignup >> StatusCode:: 400, Message:: Passwords do not match
2024-07-05 04:26:37 info: [0mPOST /organizationSignup [33m400[0m 5.773 ms - 36[0m
2024-07-05 04:26:51 info: [0mPOST /organizationSignup [32m200[0m 25.181 ms - 153[0m
2024-07-05 04:29:06 info: =================================
2024-07-05 04:29:06 info: ======= ENV: development =======
2024-07-05 04:29:06 info: 🚀 App listening on the port 3000
2024-07-05 04:29:06 info: =================================
2024-07-05 04:29:08 info: [0mPOST /organizationSignup [32m200[0m 103.843 ms - 159[0m
2024-07-05 04:29:30 error: [POST] /organizationSignup >> StatusCode:: 400, Message:: Passwords do not match,confirmPassword should not be empty
2024-07-05 04:29:30 info: [0mPOST /organizationSignup [33m400[0m 12.851 ms - 72[0m
2024-07-05 04:29:44 error: [POST] /organizationSignup >> StatusCode:: 400, Message:: Passwords do not match
2024-07-05 04:29:44 info: [0mPOST /organizationSignup [33m400[0m 6.299 ms - 36[0m
2024-07-05 04:30:01 info: [0mPOST /organizationSignup [32m200[0m 14.824 ms - 159[0m
2024-07-05 04:30:22 info: =================================
2024-07-05 04:30:22 info: ======= ENV: development =======
2024-07-05 04:30:22 info: 🚀 App listening on the port 3000
2024-07-05 04:30:22 info: =================================
2024-07-05 04:30:40 info: =================================
2024-07-05 04:30:40 info: ======= ENV: development =======
2024-07-05 04:30:40 info: 🚀 App listening on the port 3000
2024-07-05 04:30:40 info: =================================
2024-07-05 04:30:47 info: =================================
2024-07-05 04:30:47 info: ======= ENV: development =======
2024-07-05 04:30:47 info: 🚀 App listening on the port 3000
2024-07-05 04:30:47 info: =================================
2024-07-05 04:30:54 info: [0mPOST /organizationSignup [32m200[0m 159.366 ms - 159[0m
2024-07-05 04:31:15 info: =================================
2024-07-05 04:31:15 info: ======= ENV: development =======
2024-07-05 04:31:15 info: 🚀 App listening on the port 3000
2024-07-05 04:31:15 info: =================================
2024-07-05 04:31:43 info: =================================
2024-07-05 04:31:43 info: ======= ENV: development =======
2024-07-05 04:31:43 info: 🚀 App listening on the port 3000
2024-07-05 04:31:43 info: =================================
2024-07-05 04:32:11 info: =================================
2024-07-05 04:32:11 info: ======= ENV: development =======
2024-07-05 04:32:11 info: 🚀 App listening on the port 3000
2024-07-05 04:32:11 info: =================================
2024-07-05 04:33:21 info: =================================
2024-07-05 04:33:21 info: ======= ENV: development =======
2024-07-05 04:33:21 info: 🚀 App listening on the port 3000
2024-07-05 04:33:21 info: =================================
2024-07-05 04:33:27 info: [0mPOST /organizationSignup [32m200[0m 147.816 ms - 157[0m
2024-07-05 04:35:33 info: =================================
2024-07-05 04:35:33 info: ======= ENV: development =======
2024-07-05 04:35:33 info: 🚀 App listening on the port 3000
2024-07-05 04:35:33 info: =================================
2024-07-05 04:38:00 info: =================================
2024-07-05 04:38:00 info: ======= ENV: development =======
2024-07-05 04:38:00 info: 🚀 App listening on the port 3000
2024-07-05 04:38:00 info: =================================
2024-07-05 04:38:33 info: =================================
2024-07-05 04:38:33 info: ======= ENV: development =======
2024-07-05 04:38:33 info: 🚀 App listening on the port 3000
2024-07-05 04:38:33 info: =================================
2024-07-05 04:38:38 info: [0mPOST /organizationSignup [32m200[0m 116.602 ms - 158[0m
2024-07-05 04:41:07 info: =================================
2024-07-05 04:41:07 info: ======= ENV: development =======
2024-07-05 04:41:07 info: 🚀 App listening on the port 3000
2024-07-05 04:41:07 info: =================================
2024-07-05 04:41:12 info: [0mPOST /organizationSignup [32m200[0m 130.519 ms - 158[0m
2024-07-05 04:41:16 info: [0mPOST /organizationSignup [32m200[0m 81.932 ms - 158[0m
2024-07-05 04:41:21 info: [0mPOST /organizationSignup [32m200[0m 73.296 ms - 158[0m
2024-07-05 04:41:53 info: =================================
2024-07-05 04:41:53 info: ======= ENV: development =======
2024-07-05 04:41:53 info: 🚀 App listening on the port 3000
2024-07-05 04:41:53 info: =================================
2024-07-05 04:41:56 info: [0mPOST /organizationSignup [32m200[0m 156.248 ms - 158[0m
2024-07-05 04:44:07 info: =================================
2024-07-05 04:44:07 info: ======= ENV: development =======
2024-07-05 04:44:07 info: 🚀 App listening on the port 3000
2024-07-05 04:44:07 info: =================================
2024-07-05 04:46:19 info: =================================
2024-07-05 04:46:19 info: ======= ENV: development =======
2024-07-05 04:46:19 info: 🚀 App listening on the port 3000
2024-07-05 04:46:19 info: =================================
2024-07-05 04:46:22 error: [POST] /organizationSignup >> StatusCode:: 500, Message:: User with email io@a.com already exists.
2024-07-05 04:46:22 info: [0mPOST /organizationSignup [31m500[0m 76.331 ms - 156[0m
2024-07-05 04:47:10 info: =================================
2024-07-05 04:47:10 info: ======= ENV: development =======
2024-07-05 04:47:10 info: 🚀 App listening on the port 3000
2024-07-05 04:47:10 info: =================================
2024-07-05 04:48:59 info: =================================
2024-07-05 04:48:59 info: ======= ENV: development =======
2024-07-05 04:48:59 info: 🚀 App listening on the port 3000
2024-07-05 04:48:59 info: =================================
2024-07-05 04:49:49 info: =================================
2024-07-05 04:49:49 info: ======= ENV: development =======
2024-07-05 04:49:49 info: 🚀 App listening on the port 3000
2024-07-05 04:49:49 info: =================================
2024-07-05 04:50:44 info: =================================
2024-07-05 04:50:44 info: ======= ENV: development =======
2024-07-05 04:50:44 info: 🚀 App listening on the port 3000
2024-07-05 04:50:44 info: =================================
2024-07-05 04:51:07 info: =================================
2024-07-05 04:51:07 info: ======= ENV: development =======
2024-07-05 04:51:07 info: 🚀 App listening on the port 3000
2024-07-05 04:51:07 info: =================================
2024-07-05 04:51:59 info: =================================
2024-07-05 04:51:59 info: ======= ENV: development =======
2024-07-05 04:51:59 info: 🚀 App listening on the port 3000
2024-07-05 04:51:59 info: =================================
2024-07-05 04:53:10 info: =================================
2024-07-05 04:53:10 info: ======= ENV: development =======
2024-07-05 04:53:10 info: 🚀 App listening on the port 3000
2024-07-05 04:53:10 info: =================================
2024-07-05 04:53:58 info: =================================
2024-07-05 04:53:58 info: ======= ENV: development =======
2024-07-05 04:53:58 info: 🚀 App listening on the port 3000
2024-07-05 04:53:58 info: =================================
2024-07-05 04:56:32 info: =================================
2024-07-05 04:56:32 info: ======= ENV: development =======
2024-07-05 04:56:32 info: 🚀 App listening on the port 3000
2024-07-05 04:56:32 info: =================================
2024-07-05 04:56:50 info: =================================
2024-07-05 04:56:50 info: ======= ENV: development =======
2024-07-05 04:56:50 info: 🚀 App listening on the port 3000
2024-07-05 04:56:50 info: =================================
2024-07-05 04:57:06 info: =================================
2024-07-05 04:57:06 info: ======= ENV: development =======
2024-07-05 04:57:06 info: 🚀 App listening on the port 3000
2024-07-05 04:57:06 info: =================================
2024-07-05 04:57:49 error: [POST] /changePassword >> StatusCode:: 401, Message:: Wrong Jwt authentication token
2024-07-05 04:57:49 info: [0mPOST /changePassword [33m401[0m 66.298 ms - 44[0m
2024-07-05 04:57:58 error: [POST] /verifyOtp >> StatusCode:: 500, Message:: Incorrect Otp.
2024-07-05 04:57:58 info: [0mPOST /verifyOtp [31m500[0m 28.250 ms - 130[0m
2024-07-05 04:58:15 info: [0mPOST /verifyOtp [32m200[0m 13.354 ms - 306[0m
2024-07-05 04:58:20 info: [0mPOST /changePassword [33m409[0m 11.991 ms - 133[0m
2024-07-05 04:58:20 error: [POST] /changePassword >> StatusCode:: 500, Message:: User don't exist.
2024-07-05 04:58:54 info: [0mPOST /changePassword [33m409[0m 8.582 ms - 133[0m
2024-07-05 04:58:54 error: [POST] /changePassword >> StatusCode:: 500, Message:: User don't exist.
