2024-07-08 03:09:11 info: =================================
2024-07-08 03:09:11 info: ======= ENV: development =======
2024-07-08 03:09:11 info: 🚀 App listening on the port 3000
2024-07-08 03:09:11 info: =================================
2024-07-08 03:11:39 error: [POST] /login >> StatusCode:: 500, Message:: Incorrect Password.
2024-07-08 03:11:39 info: [0mPOST /login [31m500[0m 267.948 ms - 135[0m
2024-07-08 03:18:09 info: [0mOPTIONS /resetPassword [32m204[0m 0.274 ms - 0[0m
2024-07-08 03:18:09 info: [0mPOST /resetPassword [33m404[0m 3.079 ms - 153[0m
2024-07-08 03:38:13 info: [0mPOST /sendResetPasswordLink [32m200[0m 2660.736 ms - 209[0m
2024-07-08 04:18:49 error: [POST] /sendResetPasswordLink >> StatusCode:: 400, Message:: email must be an email,email should not be empty
2024-07-08 04:18:49 info: [0mPOST /sendResetPasswordLink [33m400[0m 5.077 ms - 62[0m
2024-07-08 04:19:23 error: [POST] /sendResetPasswordLink >> StatusCode:: 400, Message:: email must be an email,email should not be empty
2024-07-08 04:19:23 info: [0mPOST /sendResetPasswordLink [33m400[0m 1.754 ms - 62[0m
2024-07-08 04:19:45 error: [POST] /login >> StatusCode:: 400, Message:: email must be an email,email should not be empty, password should not be empty
2024-07-08 04:19:45 info: [0mPOST /login [33m400[0m 10.891 ms - 92[0m
2024-07-08 04:19:45 error: [POST] /login >> StatusCode:: 400, Message:: email must be an email,email should not be empty, password should not be empty
2024-07-08 04:19:45 info: [0mPOST /login [33m400[0m 1.845 ms - 92[0m
2024-07-08 04:19:45 error: [POST] /login >> StatusCode:: 400, Message:: email must be an email,email should not be empty, password should not be empty
2024-07-08 04:19:45 info: [0mPOST /login [33m400[0m 8.887 ms - 92[0m
2024-07-08 04:19:46 error: [POST] /login >> StatusCode:: 400, Message:: email must be an email,email should not be empty, password should not be empty
2024-07-08 04:19:46 info: [0mPOST /login [33m400[0m 19.024 ms - 92[0m
2024-07-08 04:19:46 error: [POST] /login >> StatusCode:: 400, Message:: email must be an email,email should not be empty, password should not be empty
2024-07-08 04:19:46 info: [0mPOST /login [33m400[0m 2.391 ms - 92[0m
2024-07-08 04:19:46 error: [POST] /login >> StatusCode:: 400, Message:: email must be an email,email should not be empty, password should not be empty
2024-07-08 04:19:46 info: [0mPOST /login [33m400[0m 5.135 ms - 92[0m
2024-07-08 04:19:46 error: [POST] /login >> StatusCode:: 400, Message:: email must be an email,email should not be empty, password should not be empty
2024-07-08 04:19:46 info: [0mPOST /login [33m400[0m 2.567 ms - 92[0m
2024-07-08 04:19:46 error: [POST] /login >> StatusCode:: 400, Message:: email must be an email,email should not be empty, password should not be empty
2024-07-08 04:19:46 info: [0mPOST /login [33m400[0m 4.716 ms - 92[0m
2024-07-08 04:19:46 error: [POST] /login >> StatusCode:: 400, Message:: email must be an email,email should not be empty, password should not be empty
2024-07-08 04:19:46 info: [0mPOST /login [33m400[0m 2.750 ms - 92[0m
2024-07-08 04:19:47 error: [POST] /login >> StatusCode:: 400, Message:: email must be an email,email should not be empty, password should not be empty
2024-07-08 04:19:47 info: [0mPOST /login [33m400[0m 1.589 ms - 92[0m
2024-07-08 04:19:47 error: [POST] /login >> StatusCode:: 400, Message:: email must be an email,email should not be empty, password should not be empty
2024-07-08 04:19:47 info: [0mPOST /login [33m400[0m 1.568 ms - 92[0m
2024-07-08 04:19:47 error: [POST] /login >> StatusCode:: 400, Message:: email must be an email,email should not be empty, password should not be empty
2024-07-08 04:19:47 info: [0mPOST /login [33m400[0m 5.679 ms - 92[0m
2024-07-08 04:19:47 error: [POST] /login >> StatusCode:: 400, Message:: email must be an email,email should not be empty, password should not be empty
2024-07-08 04:19:47 info: [0mPOST /login [33m400[0m 5.534 ms - 92[0m
2024-07-08 04:19:47 error: [POST] /login >> StatusCode:: 400, Message:: email must be an email,email should not be empty, password should not be empty
2024-07-08 04:19:47 info: [0mPOST /login [33m400[0m 1.825 ms - 92[0m
2024-07-08 04:21:11 error: [POST] /sendResetPasswordLink >> StatusCode:: 400, Message:: email must be an email,email should not be empty
2024-07-08 04:21:11 info: [0mPOST /sendResetPasswordLink [33m400[0m 2.057 ms - 62[0m
2024-07-08 04:22:06 info: [0mOPTIONS /sendResetPasswordLink [32m204[0m 0.185 ms - 0[0m
2024-07-08 04:22:06 error: [POST] /sendResetPasswordLink >> StatusCode:: 500, Message:: Email a@a.com not found.
2024-07-08 04:22:06 info: [0mPOST /sendResetPasswordLink [31m500[0m 4.446 ms - 140[0m
2024-07-08 04:45:30 info: [0mGET /api-docs/ [33m401[0m 2.103 ms - 0[0m
2024-07-08 04:52:43 error: [POST] /login >> StatusCode:: 400, Message:: email must be an email,email should not be empty, password should not be empty
2024-07-08 04:52:43 info: [0mPOST /login [33m400[0m 2.732 ms - 92[0m
2024-07-08 04:52:43 error: [POST] /login >> StatusCode:: 400, Message:: email must be an email,email should not be empty, password should not be empty
2024-07-08 04:52:43 info: [0mPOST /login [33m400[0m 1.921 ms - 92[0m
2024-07-08 04:52:44 error: [POST] /login >> StatusCode:: 400, Message:: email must be an email,email should not be empty, password should not be empty
2024-07-08 04:52:44 info: [0mPOST /login [33m400[0m 1.285 ms - 92[0m
2024-07-08 04:52:45 error: [POST] /login >> StatusCode:: 400, Message:: email must be an email,email should not be empty, password should not be empty
2024-07-08 04:52:45 info: [0mPOST /login [33m400[0m 3.456 ms - 92[0m
2024-07-08 04:52:45 error: [POST] /login >> StatusCode:: 400, Message:: email must be an email,email should not be empty, password should not be empty
2024-07-08 04:52:45 info: [0mPOST /login [33m400[0m 1.966 ms - 92[0m
2024-07-08 04:52:45 error: [POST] /login >> StatusCode:: 400, Message:: email must be an email,email should not be empty, password should not be empty
2024-07-08 04:52:45 info: [0mPOST /login [33m400[0m 1.744 ms - 92[0m
2024-07-08 05:01:13 info: =================================
2024-07-08 05:01:13 info: ======= ENV: development =======
2024-07-08 05:01:13 info: 🚀 App listening on the port 3000
2024-07-08 05:01:13 info: =================================
2024-07-08 05:01:57 info: =================================
2024-07-08 05:01:57 info: ======= ENV: development =======
2024-07-08 05:01:57 info: 🚀 App listening on the port 3000
2024-07-08 05:01:57 info: =================================
2024-07-08 05:02:46 error: [POST] /login >> StatusCode:: 400, Message:: email must be an email,email should not be empty, password should not be empty
2024-07-08 05:02:46 info: [0mPOST /login [33m400[0m 143.000 ms - 92[0m
2024-07-08 05:02:47 error: [POST] /login >> StatusCode:: 400, Message:: email must be an email,email should not be empty, password should not be empty
2024-07-08 05:02:47 info: [0mPOST /login [33m400[0m 10.199 ms - 92[0m
2024-07-08 05:33:07 error: [POST] /login >> StatusCode:: 400, Message:: email must be an email,email should not be empty, password should not be empty
2024-07-08 05:33:07 info: [0mPOST /login [33m400[0m 9.918 ms - 92[0m
2024-07-08 05:33:09 error: [POST] /login >> StatusCode:: 400, Message:: email must be an email,email should not be empty, password should not be empty
2024-07-08 05:33:09 info: [0mPOST /login [33m400[0m 4.156 ms - 92[0m
2024-07-08 05:33:09 error: [POST] /login >> StatusCode:: 400, Message:: email must be an email,email should not be empty, password should not be empty
2024-07-08 05:33:09 info: [0mPOST /login [33m400[0m 1.961 ms - 92[0m
2024-07-08 05:33:09 error: [POST] /login >> StatusCode:: 400, Message:: email must be an email,email should not be empty, password should not be empty
2024-07-08 05:33:09 info: [0mPOST /login [33m400[0m 7.446 ms - 92[0m
2024-07-08 05:33:10 error: [POST] /login >> StatusCode:: 400, Message:: email must be an email,email should not be empty, password should not be empty
2024-07-08 05:33:10 info: [0mPOST /login [33m400[0m 3.117 ms - 92[0m
2024-07-08 05:42:23 error: [POST] /login >> StatusCode:: 500, Message:: Incorrect Password.
2024-07-08 05:42:23 info: [0mPOST /login [31m500[0m 11.547 ms - 135[0m
2024-07-08 05:43:32 info: [0mPOST /login [32m200[0m 2442.327 ms - 238[0m
2024-07-08 05:45:29 error: [POST] /verifyOtp >> StatusCode:: 500, Message:: Incorrect Otp.
2024-07-08 05:45:29 info: [0mPOST /verifyOtp [31m500[0m 3.686 ms - 130[0m
2024-07-08 05:45:54 info: [0mPOST /verifyOtp [32m200[0m 3.581 ms - 363[0m
2024-07-08 05:47:27 info: [0mPOST /resendOtp [32m200[0m 2226.246 ms - 208[0m
2024-07-08 05:52:15 info: [0mPOST /resendOtp [32m200[0m 2591.330 ms - 208[0m
2024-07-08 05:53:50 info: [0mPOST /resendOtp [32m200[0m 2209.352 ms - 208[0m
2024-07-08 05:54:28 error: [POST] /login >> StatusCode:: 500, Message:: Incorrect Password.
2024-07-08 05:54:28 info: [0mPOST /login [31m500[0m 3.224 ms - 135[0m
2024-07-08 05:54:38 info: [0mPOST /verifyOtp [32m200[0m 2.861 ms - 363[0m
2024-07-08 05:55:24 info: [0mPOST /sendResetPasswordLink [32m200[0m 2302.796 ms - 209[0m
2024-07-08 05:56:33 info: [0mOPTIONS /resetPassword [32m204[0m 0.343 ms - 0[0m
2024-07-08 05:56:33 info: [0mPOST /resetPassword [32m200[0m 77.192 ms - 226[0m
2024-07-08 05:57:13 info: [0mOPTIONS /resetPassword [32m204[0m 0.120 ms - 0[0m
2024-07-08 05:57:13 info: [0mPOST /resetPassword [32m200[0m 62.188 ms - 226[0m
2024-07-08 06:53:08 error: [POST] /login >> StatusCode:: 400, Message:: email must be an email,email should not be empty, password should not be empty
2024-07-08 06:53:08 info: [0mPOST /login [33m400[0m 6.298 ms - 92[0m
2024-07-08 07:06:31 info: [0mGET /api-docs/ [36m304[0m 3.168 ms - -[0m
2024-07-08 07:06:31 info: [0mGET /api-docs/swagger-ui.css [36m304[0m 1.784 ms - -[0m
2024-07-08 07:06:31 info: [0mGET /api-docs/swagger-ui-bundle.js [36m304[0m 4.439 ms - -[0m
2024-07-08 07:06:31 info: [0mGET /api-docs/swagger-ui-standalone-preset.js [36m304[0m 5.021 ms - -[0m
2024-07-08 07:06:31 info: [0mGET /api-docs/swagger-ui-init.js [32m200[0m 2.159 ms - -[0m
2024-07-08 07:06:31 info: [0mGET /api-docs/swagger-ui-init.js [32m200[0m 0.598 ms - -[0m
2024-07-08 07:06:32 info: [0mGET /api-docs/favicon-32x32.png [36m304[0m 0.519 ms - -[0m
2024-07-08 08:37:33 error: [POST] /organizationSignup >> StatusCode:: 400, Message:: Passwords do not match
2024-07-08 08:37:33 info: [0mPOST /organizationSignup [33m400[0m 3.986 ms - 36[0m
2024-07-08 08:37:38 info: [0mPOST /organizationSignup [32m200[0m 14.195 ms - 199[0m
2024-07-08 10:29:00 error: [POST] /login >> StatusCode:: 500, Message:: Incorrect Password.
2024-07-08 10:29:00 info: [0mPOST /login [31m500[0m 6.537 ms - 135[0m
2024-07-08 10:29:16 error: [POST] /login >> StatusCode:: 500, Message:: Incorrect Password.
2024-07-08 10:29:16 info: [0mPOST /login [31m500[0m 2.177 ms - 135[0m
2024-07-08 10:29:26 error: [POST] /login >> StatusCode:: 500, Message:: Incorrect Password.
2024-07-08 10:29:26 info: [0mPOST /login [31m500[0m 2.515 ms - 135[0m
2024-07-08 10:29:28 error: [POST] /login >> StatusCode:: 500, Message:: Incorrect Password.
2024-07-08 10:29:28 info: [0mPOST /login [31m500[0m 3.600 ms - 135[0m
2024-07-08 10:29:30 error: [POST] /login >> StatusCode:: 500, Message:: Incorrect Password.
2024-07-08 10:29:30 info: [0mPOST /login [31m500[0m 1.862 ms - 135[0m
2024-07-08 10:29:30 error: [POST] /login >> StatusCode:: 500, Message:: Incorrect Password.
2024-07-08 10:29:30 info: [0mPOST /login [31m500[0m 11.250 ms - 135[0m
2024-07-08 10:29:31 error: [POST] /login >> StatusCode:: 500, Message:: Incorrect Password.
2024-07-08 10:29:31 info: [0mPOST /login [31m500[0m 4.681 ms - 135[0m
2024-07-08 10:29:51 error: [POST] /login >> StatusCode:: 500, Message:: Incorrect Password.
2024-07-08 10:29:51 info: [0mPOST /login [31m500[0m 5.767 ms - 135[0m
2024-07-08 10:29:53 error: [POST] /login >> StatusCode:: 500, Message:: Incorrect Password.
2024-07-08 10:29:53 info: [0mPOST /login [31m500[0m 2.262 ms - 135[0m
2024-07-08 10:29:54 error: [POST] /login >> StatusCode:: 500, Message:: Incorrect Password.
2024-07-08 10:29:54 info: [0mPOST /login [31m500[0m 2.586 ms - 135[0m
2024-07-08 10:29:55 error: [POST] /login >> StatusCode:: 500, Message:: Incorrect Password.
2024-07-08 10:29:55 info: [0mPOST /login [31m500[0m 1.546 ms - 135[0m
2024-07-08 10:30:06 error: [POST] /login >> StatusCode:: 500, Message:: Incorrect Password.
2024-07-08 10:30:06 info: [0mPOST /login [31m500[0m 4.429 ms - 135[0m
2024-07-08 10:30:08 error: [POST] /login >> StatusCode:: 500, Message:: Incorrect Password.
2024-07-08 10:30:08 info: [0mPOST /login [31m500[0m 1.624 ms - 135[0m
2024-07-08 10:30:09 error: [POST] /login >> StatusCode:: 500, Message:: Incorrect Password.
2024-07-08 10:30:09 info: [0mPOST /login [31m500[0m 1.611 ms - 135[0m
2024-07-08 10:30:21 error: [POST] /login >> StatusCode:: 500, Message:: Incorrect Password.
2024-07-08 10:30:21 info: [0mPOST /login [31m500[0m 2.546 ms - 135[0m
2024-07-08 10:30:22 error: [POST] /login >> StatusCode:: 500, Message:: Incorrect Password.
2024-07-08 10:30:22 info: [0mPOST /login [31m500[0m 6.301 ms - 135[0m
