2024-07-07 17:49:15 info: [0mPOST /sendResetPasswordLink [32m200[0m 5096.292 ms - 209[0m
2024-07-07 17:49:45 info: =================================
2024-07-07 17:49:45 info: ======= ENV: development =======
2024-07-07 17:49:45 info: 🚀 App listening on the port 3000
2024-07-07 17:49:45 info: =================================
2024-07-07 18:08:09 info: [0mOPTIONS /sendResetPasswordLink [32m204[0m 26.043 ms - 0[0m
2024-07-07 18:08:13 info: [0mPOST /sendResetPasswordLink [32m200[0m 4381.816 ms - 209[0m
2024-07-07 18:14:40 info: [0mOPTIONS /sendResetPasswordLink [32m204[0m 0.642 ms - 0[0m
2024-07-07 18:14:44 info: [0mPOST /sendResetPasswordLink [32m200[0m 3422.612 ms - 209[0m
2024-07-07 18:14:45 info: [0mPOST /sendResetPasswordLink [32m200[0m 3130.499 ms - 209[0m
2024-07-07 18:15:10 info: [0mOPTIONS /sendResetPasswordLink [32m204[0m 0.496 ms - 0[0m
2024-07-07 18:15:13 info: [0mPOST /sendResetPasswordLink [32m200[0m 3254.174 ms - 209[0m
2024-07-07 18:15:35 info: [0mOPTIONS /sendResetPasswordLink [32m204[0m 0.268 ms - 0[0m
2024-07-07 18:15:38 info: [0mPOST /sendResetPasswordLink [32m200[0m 3046.986 ms - 209[0m
2024-07-07 18:16:12 info: [0mOPTIONS /sendResetPasswordLink [32m204[0m 69.220 ms - 0[0m
2024-07-07 18:16:15 info: [0mPOST /sendResetPasswordLink [32m200[0m 3486.362 ms - 209[0m
2024-07-07 18:16:48 info: [0mOPTIONS /sendResetPasswordLink [32m204[0m 0.657 ms - 0[0m
2024-07-07 18:16:51 info: [0mPOST /sendResetPasswordLink [32m200[0m 3083.786 ms - 209[0m
2024-07-07 18:56:16 info: =================================
2024-07-07 18:56:16 info: ======= ENV: development =======
2024-07-07 18:56:16 info: 🚀 App listening on the port 3000
2024-07-07 18:56:16 info: =================================
2024-07-07 18:57:20 info: =================================
2024-07-07 18:57:20 info: ======= ENV: development =======
2024-07-07 18:57:20 info: 🚀 App listening on the port 3000
2024-07-07 18:57:20 info: =================================
2024-07-07 18:57:51 info: =================================
2024-07-07 18:57:51 info: ======= ENV: development =======
2024-07-07 18:57:51 info: 🚀 App listening on the port 3000
2024-07-07 18:57:51 info: =================================
2024-07-07 18:58:07 info: =================================
2024-07-07 18:58:07 info: ======= ENV: development =======
2024-07-07 18:58:07 info: 🚀 App listening on the port 3000
2024-07-07 18:58:07 info: =================================
2024-07-07 18:58:44 info: =================================
2024-07-07 18:58:44 info: ======= ENV: development =======
2024-07-07 18:58:44 info: 🚀 App listening on the port 3000
2024-07-07 18:58:44 info: =================================
2024-07-07 18:59:00 info: =================================
2024-07-07 18:59:00 info: ======= ENV: development =======
2024-07-07 18:59:00 info: 🚀 App listening on the port 3000
2024-07-07 18:59:00 info: =================================
2024-07-07 19:49:37 info: =================================
2024-07-07 19:49:37 info: ======= ENV: development =======
2024-07-07 19:49:37 info: 🚀 App listening on the port 3000
2024-07-07 19:49:37 info: =================================
2024-07-07 19:50:21 info: =================================
2024-07-07 19:50:21 info: ======= ENV: development =======
2024-07-07 19:50:21 info: 🚀 App listening on the port 3000
2024-07-07 19:50:21 info: =================================
2024-07-07 19:50:36 error: [POST] /login >> StatusCode:: 500, Message:: Incorrect Password.
2024-07-07 19:50:36 info: [0mPOST /login [31m500[0m 84.808 ms - 135[0m
2024-07-07 19:51:00 info: [0mPOST /login [32m200[0m 3566.275 ms - 238[0m
2024-07-07 19:52:43 info: [0mPOST /login [32m200[0m 3204.209 ms - 238[0m
2024-07-07 19:52:52 info: [0mPOST /login [32m200[0m 3415.961 ms - 238[0m
2024-07-07 19:58:02 info: =================================
2024-07-07 19:58:02 info: ======= ENV: development =======
2024-07-07 19:58:02 info: 🚀 App listening on the port 3000
2024-07-07 19:58:02 info: =================================
2024-07-07 19:59:06 info: =================================
2024-07-07 19:59:06 info: ======= ENV: development =======
2024-07-07 19:59:06 info: 🚀 App listening on the port 3000
2024-07-07 19:59:06 info: =================================
2024-07-07 19:59:18 info: =================================
2024-07-07 19:59:18 info: ======= ENV: development =======
2024-07-07 19:59:18 info: 🚀 App listening on the port 3000
2024-07-07 19:59:18 info: =================================
2024-07-07 20:02:02 info: =================================
2024-07-07 20:02:02 info: ======= ENV: development =======
2024-07-07 20:02:02 info: 🚀 App listening on the port 3000
2024-07-07 20:02:02 info: =================================
2024-07-07 20:02:45 info: =================================
2024-07-07 20:02:45 info: ======= ENV: development =======
2024-07-07 20:02:45 info: 🚀 App listening on the port 3000
2024-07-07 20:02:45 info: =================================
2024-07-07 20:03:24 info: =================================
2024-07-07 20:03:24 info: ======= ENV: development =======
2024-07-07 20:03:24 info: 🚀 App listening on the port 3000
2024-07-07 20:03:24 info: =================================
2024-07-07 20:03:34 info: [0mPOST /login [32m200[0m 3320.197 ms - 238[0m
2024-07-07 20:03:50 info: [0mPOST /login [32m200[0m 3238.482 ms - 216[0m
2024-07-07 20:04:25 info: [0mPOST /login [32m200[0m 3134.903 ms - 238[0m
2024-07-07 20:04:54 info: =================================
2024-07-07 20:04:54 info: ======= ENV: development =======
2024-07-07 20:04:54 info: 🚀 App listening on the port 3000
2024-07-07 20:04:54 info: =================================
2024-07-07 20:05:04 info: =================================
2024-07-07 20:05:04 info: ======= ENV: development =======
2024-07-07 20:05:04 info: 🚀 App listening on the port 3000
2024-07-07 20:05:04 info: =================================
2024-07-07 20:05:14 info: [0mPOST /login [32m200[0m 3247.558 ms - 238[0m
2024-07-07 20:05:57 info: =================================
2024-07-07 20:05:57 info: ======= ENV: development =======
2024-07-07 20:05:57 info: 🚀 App listening on the port 3000
2024-07-07 20:05:57 info: =================================
2024-07-07 20:06:00 info: [0mPOST /login [32m200[0m 76.728 ms - 238[0m
2024-07-07 20:06:04 info: [0mPOST /login [32m200[0m 8.428 ms - 238[0m
2024-07-07 20:06:14 info: =================================
2024-07-07 20:06:14 info: ======= ENV: development =======
2024-07-07 20:06:14 info: 🚀 App listening on the port 3000
2024-07-07 20:06:14 info: =================================
2024-07-07 20:06:18 info: [0mPOST /login [32m200[0m 37.400 ms - 238[0m
2024-07-07 20:06:42 info: [0mPOST /login [32m200[0m 12.759 ms - 238[0m
2024-07-07 20:07:13 info: [0mPOST /login [32m200[0m 7.924 ms - 238[0m
2024-07-07 20:07:43 info: =================================
2024-07-07 20:07:43 info: ======= ENV: development =======
2024-07-07 20:07:43 info: 🚀 App listening on the port 3000
2024-07-07 20:07:43 info: =================================
2024-07-07 20:08:37 info: =================================
2024-07-07 20:08:37 info: ======= ENV: development =======
2024-07-07 20:08:37 info: 🚀 App listening on the port 3000
2024-07-07 20:08:37 info: =================================
2024-07-07 20:09:06 info: [0mPOST /login [32m200[0m 167.595 ms - 238[0m
2024-07-07 20:09:16 info: =================================
2024-07-07 20:09:16 info: ======= ENV: development =======
2024-07-07 20:09:16 info: 🚀 App listening on the port 3000
2024-07-07 20:09:16 info: =================================
2024-07-07 20:09:22 info: [0mPOST /login [32m200[0m 38.133 ms - 238[0m
2024-07-07 20:09:56 info: [0mPOST /login [32m200[0m 13.549 ms - 216[0m
2024-07-07 20:11:39 info: =================================
2024-07-07 20:11:39 info: ======= ENV: development =======
2024-07-07 20:11:39 info: 🚀 App listening on the port 3000
2024-07-07 20:11:39 info: =================================
2024-07-07 20:11:53 info: =================================
2024-07-07 20:11:53 info: ======= ENV: development =======
2024-07-07 20:11:53 info: 🚀 App listening on the port 3000
2024-07-07 20:11:53 info: =================================
2024-07-07 20:11:55 info: [0mPOST /login [32m200[0m 43.046 ms - 216[0m
2024-07-07 20:12:17 info: [0mPOST /login [32m200[0m 9.899 ms - 238[0m
2024-07-07 20:15:51 info: =================================
2024-07-07 20:15:51 info: ======= ENV: development =======
2024-07-07 20:15:51 info: 🚀 App listening on the port 3000
2024-07-07 20:15:51 info: =================================
2024-07-07 20:16:00 info: [0mPOST /login [32m200[0m 3505.890 ms - 238[0m
2024-07-07 20:16:15 info: [0mPOST /login [32m200[0m 23.276 ms - 224[0m
2024-07-07 20:16:29 info: [0mPOST /login [32m200[0m 3191.069 ms - 216[0m
2024-07-07 20:17:00 info: =================================
2024-07-07 20:17:00 info: ======= ENV: development =======
2024-07-07 20:17:00 info: 🚀 App listening on the port 3000
2024-07-07 20:17:00 info: =================================
2024-07-07 20:17:13 info: =================================
2024-07-07 20:17:13 info: ======= ENV: development =======
2024-07-07 20:17:13 info: 🚀 App listening on the port 3000
2024-07-07 20:17:13 info: =================================
2024-07-07 20:18:20 info: =================================
2024-07-07 20:18:20 info: ======= ENV: development =======
2024-07-07 20:18:20 info: 🚀 App listening on the port 3000
2024-07-07 20:18:20 info: =================================
2024-07-07 20:19:43 info: =================================
2024-07-07 20:19:43 info: ======= ENV: development =======
2024-07-07 20:19:43 info: 🚀 App listening on the port 3000
2024-07-07 20:19:43 info: =================================
2024-07-07 20:19:53 info: =================================
2024-07-07 20:19:53 info: ======= ENV: development =======
2024-07-07 20:19:53 info: 🚀 App listening on the port 3000
2024-07-07 20:19:53 info: =================================
2024-07-07 20:20:20 info: =================================
2024-07-07 20:20:20 info: ======= ENV: development =======
2024-07-07 20:20:20 info: 🚀 App listening on the port 3000
2024-07-07 20:20:20 info: =================================
2024-07-07 20:20:32 info: =================================
2024-07-07 20:20:32 info: ======= ENV: development =======
2024-07-07 20:20:32 info: 🚀 App listening on the port 3000
2024-07-07 20:20:32 info: =================================
2024-07-07 20:21:49 info: =================================
2024-07-07 20:21:49 info: ======= ENV: development =======
2024-07-07 20:21:49 info: 🚀 App listening on the port 3000
2024-07-07 20:21:49 info: =================================
2024-07-07 20:24:21 info: =================================
2024-07-07 20:24:21 info: ======= ENV: development =======
2024-07-07 20:24:21 info: 🚀 App listening on the port 3000
2024-07-07 20:24:21 info: =================================
2024-07-07 20:24:37 info: =================================
2024-07-07 20:24:37 info: ======= ENV: development =======
2024-07-07 20:24:37 info: 🚀 App listening on the port 3000
2024-07-07 20:24:37 info: =================================
2024-07-07 20:29:55 info: =================================
2024-07-07 20:29:55 info: ======= ENV: development =======
2024-07-07 20:29:55 info: 🚀 App listening on the port 3000
2024-07-07 20:29:55 info: =================================
2024-07-07 20:30:09 info: =================================
2024-07-07 20:30:09 info: ======= ENV: development =======
2024-07-07 20:30:09 info: 🚀 App listening on the port 3000
2024-07-07 20:30:09 info: =================================
2024-07-07 22:13:48 error: [POST] /resetPassword >> StatusCode:: 400, Message:: password must be an email,password should not be empty, confirmPassword must be an email,confirmPassword should not be empty
2024-07-07 22:13:48 info: [0mPOST /resetPassword [33m400[0m 260.222 ms - 138[0m
2024-07-07 22:16:44 info: =================================
2024-07-07 22:16:44 info: ======= ENV: development =======
2024-07-07 22:16:44 info: 🚀 App listening on the port 3000
2024-07-07 22:16:44 info: =================================
2024-07-07 22:25:18 info: =================================
2024-07-07 22:25:18 info: ======= ENV: development =======
2024-07-07 22:25:18 info: 🚀 App listening on the port 3000
2024-07-07 22:25:18 info: =================================
2024-07-07 22:25:45 info: =================================
2024-07-07 22:25:45 info: ======= ENV: development =======
2024-07-07 22:25:45 info: 🚀 App listening on the port 3000
2024-07-07 22:25:45 info: =================================
2024-07-07 22:26:38 info: =================================
2024-07-07 22:26:38 info: ======= ENV: development =======
2024-07-07 22:26:38 info: 🚀 App listening on the port 3000
2024-07-07 22:26:38 info: =================================
2024-07-07 22:27:21 info: =================================
2024-07-07 22:27:21 info: ======= ENV: development =======
2024-07-07 22:27:21 info: 🚀 App listening on the port 3000
2024-07-07 22:27:21 info: =================================
2024-07-07 22:29:39 info: =================================
2024-07-07 22:29:39 info: ======= ENV: development =======
2024-07-07 22:29:39 info: 🚀 App listening on the port 3000
2024-07-07 22:29:39 info: =================================
2024-07-07 22:30:17 info: =================================
2024-07-07 22:30:17 info: ======= ENV: development =======
2024-07-07 22:30:17 info: 🚀 App listening on the port 3000
2024-07-07 22:30:17 info: =================================
2024-07-07 22:30:28 info: [0mPOST /login [32m200[0m 2908.375 ms - 216[0m
2024-07-07 22:31:04 info: [0mPOST /login [32m200[0m 10.772 ms - 416[0m
2024-07-07 22:31:45 info: [0mPOST /verifyOtp [32m200[0m 8.734 ms - 356[0m
2024-07-07 22:32:24 info: =================================
2024-07-07 22:32:24 info: ======= ENV: development =======
2024-07-07 22:32:24 info: 🚀 App listening on the port 3000
2024-07-07 22:32:24 info: =================================
2024-07-07 22:32:40 info: =================================
2024-07-07 22:32:40 info: ======= ENV: development =======
2024-07-07 22:32:40 info: 🚀 App listening on the port 3000
2024-07-07 22:32:40 info: =================================
2024-07-07 22:32:50 info: =================================
2024-07-07 22:32:50 info: ======= ENV: development =======
2024-07-07 22:32:50 info: 🚀 App listening on the port 3000
2024-07-07 22:32:50 info: =================================
2024-07-07 22:33:13 info: [0mPOST /verifyOtp [32m200[0m 59.980 ms - 360[0m
2024-07-07 22:34:15 info: =================================
2024-07-07 22:34:15 info: ======= ENV: development =======
2024-07-07 22:34:15 info: 🚀 App listening on the port 3000
2024-07-07 22:34:15 info: =================================
2024-07-07 22:34:18 info: =================================
2024-07-07 22:34:18 info: ======= ENV: development =======
2024-07-07 22:34:18 info: 🚀 App listening on the port 3000
2024-07-07 22:34:18 info: =================================
2024-07-07 22:34:30 info: =================================
2024-07-07 22:34:30 info: ======= ENV: development =======
2024-07-07 22:34:30 info: 🚀 App listening on the port 3000
2024-07-07 22:34:30 info: =================================
2024-07-07 22:34:41 info: =================================
2024-07-07 22:34:41 info: ======= ENV: development =======
2024-07-07 22:34:41 info: 🚀 App listening on the port 3000
2024-07-07 22:34:41 info: =================================
2024-07-07 22:34:49 info: =================================
2024-07-07 22:34:49 info: ======= ENV: development =======
2024-07-07 22:34:49 info: 🚀 App listening on the port 3000
2024-07-07 22:34:49 info: =================================
2024-07-07 22:34:56 info: =================================
2024-07-07 22:34:56 info: ======= ENV: development =======
2024-07-07 22:34:56 info: 🚀 App listening on the port 3000
2024-07-07 22:34:56 info: =================================
2024-07-07 22:35:12 info: [0mPOST /login [32m200[0m 2887.093 ms - 216[0m
2024-07-07 22:38:20 info: [0mPOST /login [32m200[0m 2715.210 ms - 216[0m
2024-07-07 22:38:37 info: [0mPOST /login [32m200[0m 5.845 ms - 403[0m
2024-07-07 22:39:15 info: [0mPOST /verifyOtp [32m200[0m 4.509 ms - 360[0m
2024-07-07 22:40:44 info: =================================
2024-07-07 22:40:44 info: ======= ENV: development =======
2024-07-07 22:40:44 info: 🚀 App listening on the port 3000
2024-07-07 22:40:44 info: =================================
2024-07-07 22:41:19 info: =================================
2024-07-07 22:41:19 info: ======= ENV: development =======
2024-07-07 22:41:19 info: 🚀 App listening on the port 3000
2024-07-07 22:41:19 info: =================================
2024-07-07 22:42:20 info: =================================
2024-07-07 22:42:20 info: ======= ENV: development =======
2024-07-07 22:42:20 info: 🚀 App listening on the port 3000
2024-07-07 22:42:20 info: =================================
2024-07-07 22:42:35 info: =================================
2024-07-07 22:42:35 info: ======= ENV: development =======
2024-07-07 22:42:35 info: 🚀 App listening on the port 3000
2024-07-07 22:42:35 info: =================================
2024-07-07 22:43:32 info: [0mPOST /sendResetPasswordLink [32m200[0m 2918.815 ms - 209[0m
2024-07-07 22:46:59 info: =================================
2024-07-07 22:46:59 info: ======= ENV: development =======
2024-07-07 22:46:59 info: 🚀 App listening on the port 3000
2024-07-07 22:46:59 info: =================================
2024-07-07 22:47:07 info: [0mPOST /sendResetPasswordLink [32m200[0m 2864.577 ms - 209[0m
2024-07-07 22:47:36 info: =================================
2024-07-07 22:47:36 info: ======= ENV: development =======
2024-07-07 22:47:36 info: 🚀 App listening on the port 3000
2024-07-07 22:47:36 info: =================================
2024-07-07 22:47:44 info: [0mPOST /sendResetPasswordLink [32m200[0m 2807.406 ms - 209[0m
2024-07-07 22:48:58 info: [0mPOST /sendResetPasswordLink [32m200[0m 2726.537 ms - 209[0m
2024-07-07 22:51:01 info: =================================
2024-07-07 22:51:01 info: ======= ENV: development =======
2024-07-07 22:51:01 info: 🚀 App listening on the port 3000
2024-07-07 22:51:01 info: =================================
2024-07-07 22:51:08 info: [0mPOST /sendResetPasswordLink [32m200[0m 2791.536 ms - 209[0m
2024-07-07 22:52:05 info: =================================
2024-07-07 22:52:05 info: ======= ENV: development =======
2024-07-07 22:52:05 info: 🚀 App listening on the port 3000
2024-07-07 22:52:05 info: =================================
2024-07-07 22:52:15 info: =================================
2024-07-07 22:52:15 info: ======= ENV: development =======
2024-07-07 22:52:15 info: 🚀 App listening on the port 3000
2024-07-07 22:52:15 info: =================================
2024-07-07 22:52:22 info: [0mPOST /sendResetPasswordLink [32m200[0m 2833.863 ms - 209[0m
2024-07-07 22:52:28 info: =================================
2024-07-07 22:52:28 info: ======= ENV: development =======
2024-07-07 22:52:28 info: 🚀 App listening on the port 3000
2024-07-07 22:52:28 info: =================================
2024-07-07 22:52:36 info: [0mPOST /sendResetPasswordLink [32m200[0m 2816.510 ms - 209[0m
2024-07-07 22:54:09 info: =================================
2024-07-07 22:54:09 info: ======= ENV: development =======
2024-07-07 22:54:09 info: 🚀 App listening on the port 3000
2024-07-07 22:54:09 info: =================================
2024-07-07 22:56:00 info: [0mPOST /sendResetPasswordLink [32m200[0m 2987.422 ms - 209[0m
2024-07-07 23:04:28 error: [POST] /changePassword >> StatusCode:: 400, Message:: property email should not exist
2024-07-07 23:04:28 info: [0mPOST /changePassword [33m400[0m 139.612 ms - 45[0m
2024-07-07 23:05:23 error: [POST] /changePassword >> StatusCode:: 401, Message:: Wrong Jwt authentication token
2024-07-07 23:05:23 info: [0mPOST /changePassword [33m401[0m 48.604 ms - 44[0m
2024-07-07 23:05:30 info: [0mPOST /login [32m200[0m 240.135 ms - 403[0m
2024-07-07 23:05:35 info: [0mPOST /changePassword [32m200[0m 217.516 ms - 223[0m
2024-07-07 23:13:11 info: [0mOPTIONS /resetPassword [32m204[0m 5.056 ms - 0[0m
2024-07-07 23:13:11 error: [POST] /resetPassword >> StatusCode:: 400, Message:: property data should not exist, password must be an email,password should not be empty, confirmPassword must be an email,confirmPassword should not be empty
2024-07-07 23:13:11 info: [0mPOST /resetPassword [33m400[0m 73.821 ms - 170[0m
2024-07-07 23:17:03 info: [0mOPTIONS /resetPassword [32m204[0m 1.867 ms - 0[0m
2024-07-07 23:17:03 error: [POST] /resetPassword >> StatusCode:: 400, Message:: property data should not exist, password must be an email,password should not be empty, confirmPassword must be an email,confirmPassword should not be empty
2024-07-07 23:17:03 info: [0mPOST /resetPassword [33m400[0m 299.800 ms - 170[0m
2024-07-07 23:18:44 info: [0mOPTIONS /resetPassword [32m204[0m 1.507 ms - 0[0m
2024-07-07 23:18:44 error: [POST] /resetPassword >> StatusCode:: 400, Message:: password must be an email, confirmPassword must be an email
2024-07-07 23:18:45 info: [0mPOST /resetPassword [33m400[0m 9.777 ms - 73[0m
2024-07-07 23:19:28 info: =================================
2024-07-07 23:19:28 info: ======= ENV: development =======
2024-07-07 23:19:28 info: 🚀 App listening on the port 3000
2024-07-07 23:19:28 info: =================================
2024-07-07 23:20:01 info: =================================
2024-07-07 23:20:01 info: ======= ENV: development =======
2024-07-07 23:20:01 info: 🚀 App listening on the port 3000
2024-07-07 23:20:01 info: =================================
2024-07-07 23:20:41 info: =================================
2024-07-07 23:20:41 info: ======= ENV: development =======
2024-07-07 23:20:41 info: 🚀 App listening on the port 3000
2024-07-07 23:20:41 info: =================================
2024-07-07 23:20:46 info: [0mOPTIONS /resetPassword [32m204[0m 4.517 ms - 0[0m
2024-07-07 23:20:46 error: [POST] /resetPassword >> StatusCode:: 401, Message:: Wrong Jwt authentication token
2024-07-07 23:20:46 info: [0mPOST /resetPassword [33m401[0m 83.205 ms - 44[0m
2024-07-07 23:21:22 info: [0mOPTIONS /resetPassword [32m204[0m 0.316 ms - 0[0m
2024-07-07 23:21:22 error: [POST] /resetPassword >> StatusCode:: 401, Message:: Wrong Jwt authentication token
2024-07-07 23:21:22 info: [0mPOST /resetPassword [33m401[0m 6.964 ms - 44[0m
2024-07-07 23:25:56 info: [0mOPTIONS /resetPassword [32m204[0m 0.693 ms - 0[0m
2024-07-07 23:25:56 error: [POST] /resetPassword >> StatusCode:: 401, Message:: Wrong Jwt authentication token
2024-07-07 23:25:56 info: [0mPOST /resetPassword [33m401[0m 9.769 ms - 44[0m
2024-07-07 23:27:32 info: [0mOPTIONS /resetPassword [32m204[0m 0.281 ms - 0[0m
2024-07-07 23:27:32 error: [POST] /resetPassword >> StatusCode:: 401, Message:: Wrong Jwt authentication token
2024-07-07 23:27:32 info: [0mPOST /resetPassword [33m401[0m 12.704 ms - 44[0m
2024-07-07 23:28:54 info: [0mOPTIONS /resetPassword [32m204[0m 4.785 ms - 0[0m
2024-07-07 23:28:55 info: [0mPOST /resetPassword [32m200[0m 695.119 ms - 223[0m
2024-07-07 23:32:03 info: [0mOPTIONS /resetPassword [32m204[0m 3.790 ms - 0[0m
2024-07-07 23:32:03 info: [0mPOST /resetPassword [32m200[0m 280.611 ms - 223[0m
2024-07-07 23:32:44 info: [0mOPTIONS /resetPassword [32m204[0m 0.456 ms - 0[0m
2024-07-07 23:32:44 error: [POST] /resetPassword >> StatusCode:: 401, Message:: Wrong Jwt authentication token
2024-07-07 23:32:44 info: [0mPOST /resetPassword [33m401[0m 9.711 ms - 44[0m
2024-07-07 23:33:42 info: [0mOPTIONS /resetPassword [32m204[0m 0.599 ms - 0[0m
2024-07-07 23:33:42 error: [POST] /resetPassword >> StatusCode:: 401, Message:: Wrong Jwt authentication token
2024-07-07 23:33:42 info: [0mPOST /resetPassword [33m401[0m 12.224 ms - 44[0m
2024-07-07 23:34:28 info: [0mOPTIONS /resetPassword [32m204[0m 0.204 ms - 0[0m
2024-07-07 23:34:28 error: [POST] /resetPassword >> StatusCode:: 401, Message:: Wrong Jwt authentication token
2024-07-07 23:34:28 info: [0mPOST /resetPassword [33m401[0m 11.800 ms - 44[0m
