2024-07-02 02:45:50 info: [0mPOST /login [32m200[0m 4.619 ms - 164[0m
2024-07-02 02:46:38 info: =================================
2024-07-02 02:46:38 info: ======= ENV: development =======
2024-07-02 02:46:38 info: 🚀 App listening on the port 3000
2024-07-02 02:46:38 info: =================================
2024-07-02 02:46:39 error: [POST] /login >> StatusCode:: 400, Message:: email must be an email,email should not be empty, password should not be empty
2024-07-02 02:46:39 info: [0mPOST /login [33m400[0m 184.917 ms - 92[0m
2024-07-02 02:46:39 error: [POST] /login >> StatusCode:: 400, Message:: email must be an email,email should not be empty, password should not be empty
2024-07-02 02:46:39 info: [0mPOST /login [33m400[0m 2.247 ms - 92[0m
2024-07-02 02:46:46 error: [POST] /login >> StatusCode:: 400, Message:: email must be an email,email should not be empty, password should not be empty
2024-07-02 02:46:46 info: [0mPOST /login [33m400[0m 4.571 ms - 92[0m
2024-07-02 02:46:47 error: [POST] /login >> StatusCode:: 400, Message:: email must be an email,email should not be empty, password should not be empty
2024-07-02 02:46:47 info: [0mPOST /login [33m400[0m 2.762 ms - 92[0m
2024-07-02 02:47:20 info: [0mPOST /login [32m200[0m 85.289 ms - 164[0m
2024-07-02 06:01:37 info: =================================
2024-07-02 06:01:37 info: ======= ENV: development =======
2024-07-02 06:01:37 info: 🚀 App listening on the port 3000
2024-07-02 06:01:37 info: =================================
2024-07-02 06:01:43 info: =================================
2024-07-02 06:01:43 info: ======= ENV: development =======
2024-07-02 06:01:43 info: 🚀 App listening on the port 3000
2024-07-02 06:01:43 info: =================================
2024-07-02 06:05:11 info: =================================
2024-07-02 06:05:11 info: ======= ENV: development =======
2024-07-02 06:05:11 info: 🚀 App listening on the port 3000
2024-07-02 06:05:11 info: =================================
2024-07-02 06:05:25 info: [0mPOST /login [32m200[0m 168.161 ms - 164[0m
2024-07-02 06:09:50 info: =================================
2024-07-02 06:09:50 info: ======= ENV: development =======
2024-07-02 06:09:50 info: 🚀 App listening on the port 3000
2024-07-02 06:09:50 info: =================================
2024-07-02 06:09:54 info: =================================
2024-07-02 06:09:54 info: ======= ENV: development =======
2024-07-02 06:09:54 info: 🚀 App listening on the port 3000
2024-07-02 06:09:54 info: =================================
2024-07-02 06:10:07 info: =================================
2024-07-02 06:10:07 info: ======= ENV: development =======
2024-07-02 06:10:07 info: 🚀 App listening on the port 3000
2024-07-02 06:10:07 info: =================================
2024-07-02 06:11:53 info: =================================
2024-07-02 06:11:53 info: ======= ENV: development =======
2024-07-02 06:11:53 info: 🚀 App listening on the port 3000
2024-07-02 06:11:53 info: =================================
2024-07-02 06:13:04 info: =================================
2024-07-02 06:13:04 info: ======= ENV: development =======
2024-07-02 06:13:04 info: 🚀 App listening on the port 3000
2024-07-02 06:13:04 info: =================================
2024-07-02 06:13:09 info: =================================
2024-07-02 06:13:09 info: ======= ENV: development =======
2024-07-02 06:13:09 info: 🚀 App listening on the port 3000
2024-07-02 06:13:09 info: =================================
2024-07-02 06:13:10 error: [POST] /signout >> StatusCode:: 500, Message:: Converting circular structure to JSON
    --> starting at object with constructor 'Socket'
    |     property 'parser' -> object with constructor 'HTTPParser'
    --- property 'socket' closes the circle
2024-07-02 06:13:10 info: [0mPOST /signout [31m500[0m 7.342 ms - 219[0m
2024-07-02 06:19:22 info: =================================
2024-07-02 06:19:22 info: ======= ENV: development =======
2024-07-02 06:19:22 info: 🚀 App listening on the port 3000
2024-07-02 06:19:22 info: =================================
2024-07-02 06:19:23 info: [0mPOST /signout [32m200[0m 4.195 ms - 28[0m
2024-07-02 06:25:48 info: =================================
2024-07-02 06:25:48 info: ======= ENV: development =======
2024-07-02 06:25:48 info: 🚀 App listening on the port 3000
2024-07-02 06:25:48 info: =================================
2024-07-02 06:25:56 info: =================================
2024-07-02 06:25:56 info: ======= ENV: development =======
2024-07-02 06:25:56 info: 🚀 App listening on the port 3000
2024-07-02 06:25:56 info: =================================
2024-07-02 06:26:50 info: =================================
2024-07-02 06:26:50 info: ======= ENV: development =======
2024-07-02 06:26:50 info: 🚀 App listening on the port 3000
2024-07-02 06:26:50 info: =================================
2024-07-02 06:33:58 info: =================================
2024-07-02 06:33:58 info: ======= ENV: development =======
2024-07-02 06:33:58 info: 🚀 App listening on the port 3000
2024-07-02 06:33:58 info: =================================
2024-07-02 06:43:22 info: =================================
2024-07-02 06:43:22 info: ======= ENV: development =======
2024-07-02 06:43:22 info: 🚀 App listening on the port 3000
2024-07-02 06:43:22 info: =================================
2024-07-02 06:43:40 info: =================================
2024-07-02 06:43:40 info: ======= ENV: development =======
2024-07-02 06:43:40 info: 🚀 App listening on the port 3000
2024-07-02 06:43:40 info: =================================
2024-07-02 06:44:20 info: =================================
2024-07-02 06:44:20 info: ======= ENV: development =======
2024-07-02 06:44:20 info: 🚀 App listening on the port 3000
2024-07-02 06:44:20 info: =================================
2024-07-02 06:44:34 info: =================================
2024-07-02 06:44:34 info: ======= ENV: development =======
2024-07-02 06:44:34 info: 🚀 App listening on the port 3000
2024-07-02 06:44:34 info: =================================
2024-07-02 06:49:58 info: =================================
2024-07-02 06:49:58 info: ======= ENV: development =======
2024-07-02 06:49:58 info: 🚀 App listening on the port 3000
2024-07-02 06:49:58 info: =================================
2024-07-02 06:50:50 info: =================================
2024-07-02 06:50:50 info: ======= ENV: development =======
2024-07-02 06:50:50 info: 🚀 App listening on the port 3000
2024-07-02 06:50:50 info: =================================
2024-07-02 06:54:59 info: =================================
2024-07-02 06:54:59 info: ======= ENV: development =======
2024-07-02 06:54:59 info: 🚀 App listening on the port 3000
2024-07-02 06:54:59 info: =================================
2024-07-02 06:55:40 info: =================================
2024-07-02 06:55:40 info: ======= ENV: development =======
2024-07-02 06:55:40 info: 🚀 App listening on the port 3000
2024-07-02 06:55:40 info: =================================
2024-07-02 06:55:52 info: =================================
2024-07-02 06:55:52 info: ======= ENV: development =======
2024-07-02 06:55:52 info: 🚀 App listening on the port 3000
2024-07-02 06:55:52 info: =================================
2024-07-02 06:56:39 info: =================================
2024-07-02 06:56:39 info: ======= ENV: development =======
2024-07-02 06:56:39 info: 🚀 App listening on the port 3000
2024-07-02 06:56:39 info: =================================
2024-07-02 06:57:38 info: =================================
2024-07-02 06:57:38 info: ======= ENV: development =======
2024-07-02 06:57:38 info: 🚀 App listening on the port 3000
2024-07-02 06:57:38 info: =================================
2024-07-02 06:57:44 info: =================================
2024-07-02 06:57:44 info: ======= ENV: development =======
2024-07-02 06:57:44 info: 🚀 App listening on the port 3000
2024-07-02 06:57:44 info: =================================
2024-07-02 06:58:12 info: =================================
2024-07-02 06:58:12 info: ======= ENV: development =======
2024-07-02 06:58:12 info: 🚀 App listening on the port 3000
2024-07-02 06:58:12 info: =================================
2024-07-02 06:58:18 info: =================================
2024-07-02 06:58:18 info: ======= ENV: development =======
2024-07-02 06:58:18 info: 🚀 App listening on the port 3000
2024-07-02 06:58:18 info: =================================
2024-07-02 06:58:28 info: =================================
2024-07-02 06:58:28 info: ======= ENV: development =======
2024-07-02 06:58:28 info: 🚀 App listening on the port 3000
2024-07-02 06:58:28 info: =================================
2024-07-02 06:58:50 info: =================================
2024-07-02 06:58:50 info: ======= ENV: development =======
2024-07-02 06:58:50 info: 🚀 App listening on the port 3000
2024-07-02 06:58:50 info: =================================
2024-07-02 06:59:49 info: =================================
2024-07-02 06:59:49 info: ======= ENV: development =======
2024-07-02 06:59:49 info: 🚀 App listening on the port 3000
2024-07-02 06:59:49 info: =================================
2024-07-02 07:00:03 info: =================================
2024-07-02 07:00:03 info: ======= ENV: development =======
2024-07-02 07:00:03 info: 🚀 App listening on the port 3000
2024-07-02 07:00:03 info: =================================
2024-07-02 07:01:16 info: =================================
2024-07-02 07:01:16 info: ======= ENV: development =======
2024-07-02 07:01:16 info: 🚀 App listening on the port 3000
2024-07-02 07:01:16 info: =================================
2024-07-02 07:01:33 info: =================================
2024-07-02 07:01:33 info: ======= ENV: development =======
2024-07-02 07:01:33 info: 🚀 App listening on the port 3000
2024-07-02 07:01:33 info: =================================
2024-07-02 07:01:37 info: =================================
2024-07-02 07:01:37 info: ======= ENV: development =======
2024-07-02 07:01:37 info: 🚀 App listening on the port 3000
2024-07-02 07:01:37 info: =================================
2024-07-02 07:01:41 info: [0mPOST /updateProfile [33m404[0m 4.310 ms - 153[0m
2024-07-02 08:51:32 info: =================================
2024-07-02 08:51:32 info: ======= ENV: development =======
2024-07-02 08:51:32 info: 🚀 App listening on the port 3000
2024-07-02 08:51:32 info: =================================
2024-07-02 08:55:35 info: =================================
2024-07-02 08:55:35 info: ======= ENV: development =======
2024-07-02 08:55:35 info: 🚀 App listening on the port 3000
2024-07-02 08:55:35 info: =================================
2024-07-02 08:56:13 info: =================================
2024-07-02 08:56:13 info: ======= ENV: development =======
2024-07-02 08:56:13 info: 🚀 App listening on the port 3000
2024-07-02 08:56:13 info: =================================
2024-07-02 08:57:25 info: =================================
2024-07-02 08:57:25 info: ======= ENV: development =======
2024-07-02 08:57:25 info: 🚀 App listening on the port 3000
2024-07-02 08:57:25 info: =================================
2024-07-02 09:11:33 info: =================================
2024-07-02 09:11:33 info: ======= ENV: development =======
2024-07-02 09:11:33 info: 🚀 App listening on the port 3000
2024-07-02 09:11:33 info: =================================
2024-07-02 09:26:29 info: =================================
2024-07-02 09:26:29 info: ======= ENV: development =======
2024-07-02 09:26:29 info: 🚀 App listening on the port 3000
2024-07-02 09:26:29 info: =================================
2024-07-02 09:26:35 info: =================================
2024-07-02 09:26:35 info: ======= ENV: development =======
2024-07-02 09:26:35 info: 🚀 App listening on the port 3000
2024-07-02 09:26:35 info: =================================
2024-07-02 09:28:01 info: =================================
2024-07-02 09:28:01 info: ======= ENV: development =======
2024-07-02 09:28:01 info: 🚀 App listening on the port 3000
2024-07-02 09:28:01 info: =================================
2024-07-02 09:35:05 info: =================================
2024-07-02 09:35:05 info: ======= ENV: development =======
2024-07-02 09:35:05 info: 🚀 App listening on the port 3000
2024-07-02 09:35:05 info: =================================
2024-07-02 09:35:44 info: =================================
2024-07-02 09:35:44 info: ======= ENV: development =======
2024-07-02 09:35:44 info: 🚀 App listening on the port 3000
2024-07-02 09:35:44 info: =================================
2024-07-02 09:35:59 info: =================================
2024-07-02 09:35:59 info: ======= ENV: development =======
2024-07-02 09:35:59 info: 🚀 App listening on the port 3000
2024-07-02 09:35:59 info: =================================
2024-07-02 09:36:13 info: =================================
2024-07-02 09:36:13 info: ======= ENV: development =======
2024-07-02 09:36:13 info: 🚀 App listening on the port 3000
2024-07-02 09:36:13 info: =================================
2024-07-02 09:36:49 error: [POST] /organizationSignup >> StatusCode:: 400, Message:: email must be an email,email should not be empty, name should not be empty, jobTitle should not be empty, password should not be empty, confirmPassword should not be empty, webAddress should not be empty
2024-07-02 09:36:49 info: [0mPOST /organizationSignup [33m400[0m 31.574 ms - 217[0m
2024-07-02 09:41:32 info: =================================
2024-07-02 09:41:32 info: ======= ENV: development =======
2024-07-02 09:41:32 info: 🚀 App listening on the port 3000
2024-07-02 09:41:32 info: =================================
2024-07-02 09:42:30 info: =================================
2024-07-02 09:42:30 info: ======= ENV: development =======
2024-07-02 09:42:30 info: 🚀 App listening on the port 3000
2024-07-02 09:42:30 info: =================================
2024-07-02 09:44:12 info: =================================
2024-07-02 09:44:12 info: ======= ENV: development =======
2024-07-02 09:44:12 info: 🚀 App listening on the port 3000
2024-07-02 09:44:12 info: =================================
2024-07-02 09:44:46 info: [0mPOST /updateProfile [33m404[0m 19.306 ms - 153[0m
2024-07-02 09:44:59 info: [0mPOST /login [32m200[0m 17.802 ms - 164[0m
2024-07-02 10:04:05 info: [0mPOST /verifyOtp [33m404[0m 1.400 ms - 149[0m
