2024-07-04 02:43:25 info: =================================
2024-07-04 02:43:25 info: ======= ENV: development =======
2024-07-04 02:43:25 info: 🚀 App listening on the port 3000
2024-07-04 02:43:25 info: =================================
2024-07-04 05:47:48 info: =================================
2024-07-04 05:47:48 info: ======= ENV: development =======
2024-07-04 05:47:48 info: 🚀 App listening on the port 3000
2024-07-04 05:47:48 info: =================================
2024-07-04 05:47:55 info: [0mPOST /login [32m200[0m 4088.827 ms - 55[0m
2024-07-04 05:49:42 error: [POST] /verifyOtp >> StatusCode:: 409, Message:: Incorrect OTP
2024-07-04 05:49:42 info: [0mPOST /verifyOtp [33m409[0m 6.380 ms - 27[0m
2024-07-04 05:49:50 info: [0mPOST /verifyOtp [32m200[0m 7.772 ms - 164[0m
2024-07-04 05:51:08 info: [0mPOST /login [32m200[0m 3357.471 ms - 55[0m
2024-07-04 09:49:36 info: =================================
2024-07-04 09:49:36 info: ======= ENV: development =======
2024-07-04 09:49:36 info: 🚀 App listening on the port 3000
2024-07-04 09:49:36 info: =================================
2024-07-04 09:50:33 info: =================================
2024-07-04 09:50:33 info: ======= ENV: development =======
2024-07-04 09:50:33 info: 🚀 App listening on the port 3000
2024-07-04 09:50:33 info: =================================
2024-07-04 09:52:10 info: =================================
2024-07-04 09:52:10 info: ======= ENV: development =======
2024-07-04 09:52:10 info: 🚀 App listening on the port 3000
2024-07-04 09:52:10 info: =================================
2024-07-04 09:56:08 info: =================================
2024-07-04 09:56:08 info: ======= ENV: development =======
2024-07-04 09:56:08 info: 🚀 App listening on the port 3000
2024-07-04 09:56:08 info: =================================
2024-07-04 09:57:52 info: =================================
2024-07-04 09:57:52 info: ======= ENV: development =======
2024-07-04 09:57:52 info: 🚀 App listening on the port 3000
2024-07-04 09:57:52 info: =================================
2024-07-04 09:58:40 info: =================================
2024-07-04 09:58:40 info: ======= ENV: development =======
2024-07-04 09:58:40 info: 🚀 App listening on the port 3000
2024-07-04 09:58:40 info: =================================
2024-07-04 09:58:46 info: =================================
2024-07-04 09:58:46 info: ======= ENV: development =======
2024-07-04 09:58:46 info: 🚀 App listening on the port 3000
2024-07-04 09:58:46 info: =================================
2024-07-04 09:59:51 info: =================================
2024-07-04 09:59:51 info: ======= ENV: development =======
2024-07-04 09:59:51 info: 🚀 App listening on the port 3000
2024-07-04 09:59:51 info: =================================
2024-07-04 10:02:45 info: =================================
2024-07-04 10:02:45 info: ======= ENV: development =======
2024-07-04 10:02:45 info: 🚀 App listening on the port 3000
2024-07-04 10:02:45 info: =================================
2024-07-04 10:04:03 info: =================================
2024-07-04 10:04:03 info: ======= ENV: development =======
2024-07-04 10:04:03 info: 🚀 App listening on the port 3000
2024-07-04 10:04:03 info: =================================
2024-07-04 10:05:17 info: =================================
2024-07-04 10:05:17 info: ======= ENV: development =======
2024-07-04 10:05:17 info: 🚀 App listening on the port 3000
2024-07-04 10:05:17 info: =================================
2024-07-04 10:07:08 info: =================================
2024-07-04 10:07:08 info: ======= ENV: development =======
2024-07-04 10:07:08 info: 🚀 App listening on the port 3000
2024-07-04 10:07:08 info: =================================
2024-07-04 10:08:11 info: [0mPOST /login [32m200[0m 2702.864 ms - 137[0m
2024-07-04 10:09:16 error: [POST] /login >> StatusCode:: 409, Message:: Incorrect Password
2024-07-04 10:09:17 info: [0mPOST /login [33m409[0m 4.840 ms - 32[0m
