2024-07-09 05:54:35 info: =================================
2024-07-09 05:54:35 info: ======= ENV: development =======
2024-07-09 05:54:35 info: 🚀 App listening on the port 3000
2024-07-09 05:54:35 info: =================================
2024-07-09 05:55:44 info: =================================
2024-07-09 05:55:44 info: ======= ENV: development =======
2024-07-09 05:55:44 info: 🚀 App listening on the port 3000
2024-07-09 05:55:44 info: =================================
2024-07-09 06:00:31 info: =================================
2024-07-09 06:00:31 info: ======= ENV: development =======
2024-07-09 06:00:31 info: 🚀 App listening on the port 3000
2024-07-09 06:00:31 info: =================================
2024-07-09 06:00:48 info: =================================
2024-07-09 06:00:48 info: ======= ENV: development =======
2024-07-09 06:00:48 info: 🚀 App listening on the port 3000
2024-07-09 06:00:48 info: =================================
2024-07-09 06:01:27 info: =================================
2024-07-09 06:01:27 info: ======= ENV: development =======
2024-07-09 06:01:27 info: 🚀 App listening on the port 3000
2024-07-09 06:01:27 info: =================================
2024-07-09 06:04:39 info: =================================
2024-07-09 06:04:39 info: ======= ENV: development =======
2024-07-09 06:04:39 info: 🚀 App listening on the port 3000
2024-07-09 06:04:39 info: =================================
2024-07-09 06:08:33 info: =================================
2024-07-09 06:08:33 info: ======= ENV: development =======
2024-07-09 06:08:33 info: 🚀 App listening on the port 3000
2024-07-09 06:08:33 info: =================================
2024-07-09 06:09:09 info: =================================
2024-07-09 06:09:09 info: ======= ENV: development =======
2024-07-09 06:09:09 info: 🚀 App listening on the port 3000
2024-07-09 06:09:09 info: =================================
2024-07-09 06:22:28 error: [POST] /login >> StatusCode:: 500, Message:: Incorrect Password.
2024-07-09 06:22:28 info: [0mPOST /login [31m500[0m 130.369 ms - 135[0m
2024-07-09 06:22:34 error: [POST] /login >> StatusCode:: 500, Message:: Incorrect Password.
2024-07-09 06:22:34 info: [0mPOST /login [31m500[0m 3.580 ms - 135[0m
2024-07-09 09:54:58 info: =================================
2024-07-09 09:54:58 info: ======= ENV: development =======
2024-07-09 09:54:58 info: 🚀 App listening on the port 3000
2024-07-09 09:54:58 info: =================================
2024-07-09 09:58:03 info: =================================
2024-07-09 09:58:03 info: ======= ENV: development =======
2024-07-09 09:58:03 info: 🚀 App listening on the port 3000
2024-07-09 09:58:03 info: =================================
2024-07-09 10:00:00 error: [POST] /login >> StatusCode:: 500, Message:: Email bajwab4u@gmail.com not found.
2024-07-09 10:00:00 info: [0mPOST /login [31m500[0m 129.038 ms - 151[0m
2024-07-09 10:02:30 info: =================================
2024-07-09 10:02:30 info: ======= ENV: development =======
2024-07-09 10:02:30 info: 🚀 App listening on the port 3000
2024-07-09 10:02:30 info: =================================
2024-07-09 10:03:55 info: =================================
2024-07-09 10:03:55 info: ======= ENV: development =======
2024-07-09 10:03:55 info: 🚀 App listening on the port 3000
2024-07-09 10:03:55 info: =================================
2024-07-09 10:14:32 info: =================================
2024-07-09 10:14:32 info: ======= ENV: development =======
2024-07-09 10:14:32 info: 🚀 App listening on the port 3000
2024-07-09 10:14:32 info: =================================
2024-07-09 10:22:03 info: =================================
2024-07-09 10:22:03 info: ======= ENV: development =======
2024-07-09 10:22:03 info: 🚀 App listening on the port 3000
2024-07-09 10:22:03 info: =================================
2024-07-09 10:22:40 info: =================================
2024-07-09 10:22:40 info: ======= ENV: development =======
2024-07-09 10:22:40 info: 🚀 App listening on the port 3000
2024-07-09 10:22:40 info: =================================
2024-07-09 10:25:27 info: =================================
2024-07-09 10:25:27 info: ======= ENV: development =======
2024-07-09 10:25:27 info: 🚀 App listening on the port 3000
2024-07-09 10:25:27 info: =================================
2024-07-09 10:26:12 info: =================================
2024-07-09 10:26:12 info: ======= ENV: development =======
2024-07-09 10:26:12 info: 🚀 App listening on the port 3000
2024-07-09 10:26:12 info: =================================
2024-07-09 10:26:21 info: =================================
2024-07-09 10:26:21 info: ======= ENV: development =======
2024-07-09 10:26:21 info: 🚀 App listening on the port 3000
2024-07-09 10:26:21 info: =================================
2024-07-09 10:26:26 info: =================================
2024-07-09 10:26:26 info: ======= ENV: development =======
2024-07-09 10:26:26 info: 🚀 App listening on the port 3000
2024-07-09 10:26:26 info: =================================
2024-07-09 10:27:10 info: =================================
2024-07-09 10:27:10 info: ======= ENV: development =======
2024-07-09 10:27:10 info: 🚀 App listening on the port 3000
2024-07-09 10:27:10 info: =================================
2024-07-09 10:28:27 info: =================================
2024-07-09 10:28:27 info: ======= ENV: development =======
2024-07-09 10:28:27 info: 🚀 App listening on the port 3000
2024-07-09 10:28:27 info: =================================
2024-07-09 10:28:42 info: =================================
2024-07-09 10:28:42 info: ======= ENV: development =======
2024-07-09 10:28:42 info: 🚀 App listening on the port 3000
2024-07-09 10:28:42 info: =================================
2024-07-09 10:28:49 info: =================================
2024-07-09 10:28:49 info: ======= ENV: development =======
2024-07-09 10:28:49 info: 🚀 App listening on the port 3000
2024-07-09 10:28:49 info: =================================
2024-07-09 10:29:28 info: =================================
2024-07-09 10:29:28 info: ======= ENV: development =======
2024-07-09 10:29:28 info: 🚀 App listening on the port 3000
2024-07-09 10:29:28 info: =================================
2024-07-09 10:30:32 info: =================================
2024-07-09 10:30:32 info: ======= ENV: development =======
2024-07-09 10:30:32 info: 🚀 App listening on the port 3000
2024-07-09 10:30:32 info: =================================
2024-07-09 10:30:51 info: =================================
2024-07-09 10:30:51 info: ======= ENV: development =======
2024-07-09 10:30:51 info: 🚀 App listening on the port 3000
2024-07-09 10:30:51 info: =================================
2024-07-09 10:31:00 info: =================================
2024-07-09 10:31:00 info: ======= ENV: development =======
2024-07-09 10:31:00 info: 🚀 App listening on the port 3000
2024-07-09 10:31:00 info: =================================
2024-07-09 10:31:38 info: =================================
2024-07-09 10:31:38 info: ======= ENV: development =======
2024-07-09 10:31:38 info: 🚀 App listening on the port 3000
2024-07-09 10:31:38 info: =================================
2024-07-09 10:31:55 info: =================================
2024-07-09 10:31:55 info: ======= ENV: development =======
2024-07-09 10:31:55 info: 🚀 App listening on the port 3000
2024-07-09 10:31:55 info: =================================
2024-07-09 10:32:26 info: =================================
2024-07-09 10:32:26 info: ======= ENV: development =======
2024-07-09 10:32:26 info: 🚀 App listening on the port 3000
2024-07-09 10:32:26 info: =================================
2024-07-09 10:35:20 error: [POST] /login >> StatusCode:: 500, Message:: Incorrect Password.
2024-07-09 10:35:20 info: [0mPOST /login [31m500[0m 33.083 ms - 135[0m
2024-07-09 10:35:33 error: [POST] /login >> StatusCode:: 500, Message:: Incorrect Password.
2024-07-09 10:35:33 info: [0mPOST /login [31m500[0m 4.645 ms - 135[0m
2024-07-09 10:35:46 info: [0mPOST /login [32m200[0m 3.744 ms - 403[0m
2024-07-09 10:36:52 info: =================================
2024-07-09 10:36:52 info: ======= ENV: development =======
2024-07-09 10:36:52 info: 🚀 App listening on the port 3000
2024-07-09 10:36:52 info: =================================
2024-07-09 10:38:14 info: =================================
2024-07-09 10:38:14 info: ======= ENV: development =======
2024-07-09 10:38:14 info: 🚀 App listening on the port 3000
2024-07-09 10:38:14 info: =================================
2024-07-09 10:38:38 info: =================================
2024-07-09 10:38:38 info: ======= ENV: development =======
2024-07-09 10:38:38 info: 🚀 App listening on the port 3000
2024-07-09 10:38:38 info: =================================
2024-07-09 10:38:58 info: =================================
2024-07-09 10:38:58 info: ======= ENV: development =======
2024-07-09 10:38:58 info: 🚀 App listening on the port 3000
2024-07-09 10:38:58 info: =================================
